\BOOKMARK [0][-]{chapter.1}{\376\377\000D\000a\000t\000a\000\040\000S\000t\000r\000u\000c\000t\000u\000r\000e\000\040\000I\000n\000d\000e\000x}{}
\BOOKMARK [1][-]{section.1.1}{\376\377\000D\000a\000t\000a\000\040\000S\000t\000r\000u\000c\000t\000u\000r\000e\000s}{chapter.1}
\BOOKMARK [0][-]{chapter.2}{\376\377\000F\000i\000l\000e\000\040\000I\000n\000d\000e\000x}{}
\BOOKMARK [1][-]{section.2.1}{\376\377\000F\000i\000l\000e\000\040\000L\000i\000s\000t}{chapter.2}
\BOOKMARK [0][-]{chapter.3}{\376\377\000D\000a\000t\000a\000\040\000S\000t\000r\000u\000c\000t\000u\000r\000e\000\040\000D\000o\000c\000u\000m\000e\000n\000t\000a\000t\000i\000o\000n}{}
\BOOKMARK [1][-]{section.3.1}{\376\377\000E\000q\000u\000a\000t\000i\000o\000n\000s\000\040\000S\000t\000r\000u\000c\000t\000\040\000R\000e\000f\000e\000r\000e\000n\000c\000e}{chapter.3}
\BOOKMARK [2][-]{subsection.3.1.1}{\376\377\000D\000e\000t\000a\000i\000l\000e\000d\000\040\000D\000e\000s\000c\000r\000i\000p\000t\000i\000o\000n}{section.3.1}
\BOOKMARK [2][-]{subsection.3.1.2}{\376\377\000F\000i\000e\000l\000d\000\040\000D\000o\000c\000u\000m\000e\000n\000t\000a\000t\000i\000o\000n}{section.3.1}
\BOOKMARK [3][-]{subsubsection.3.1.2.1}{\376\377\000i\000n\000f\000o}{subsection.3.1.2}
\BOOKMARK [3][-]{subsubsection.3.1.2.2}{\376\377\000t\000y\000p\000e}{subsection.3.1.2}
\BOOKMARK [1][-]{section.3.2}{\376\377\000E\000q\000u\000d\000a\000t\000a\000\040\000U\000n\000i\000o\000n\000\040\000R\000e\000f\000e\000r\000e\000n\000c\000e}{chapter.3}
\BOOKMARK [2][-]{subsection.3.2.1}{\376\377\000D\000e\000t\000a\000i\000l\000e\000d\000\040\000D\000e\000s\000c\000r\000i\000p\000t\000i\000o\000n}{section.3.2}
\BOOKMARK [2][-]{subsection.3.2.2}{\376\377\000F\000i\000e\000l\000d\000\040\000D\000o\000c\000u\000m\000e\000n\000t\000a\000t\000i\000o\000n}{section.3.2}
\BOOKMARK [3][-]{subsubsection.3.2.2.1}{\376\377\000d\000a\000t\000a}{subsection.3.2.2}
\BOOKMARK [3][-]{subsubsection.3.2.2.2}{\376\377\000v\000a\000r}{subsection.3.2.2}
\BOOKMARK [1][-]{section.3.3}{\376\377\000E\000s\000p\000e\000c\000e\000s\000\040\000S\000t\000r\000u\000c\000t\000\040\000R\000e\000f\000e\000r\000e\000n\000c\000e}{chapter.3}
\BOOKMARK [2][-]{subsection.3.3.1}{\376\377\000D\000e\000t\000a\000i\000l\000e\000d\000\040\000D\000e\000s\000c\000r\000i\000p\000t\000i\000o\000n}{section.3.3}
\BOOKMARK [2][-]{subsection.3.3.2}{\376\377\000F\000i\000e\000l\000d\000\040\000D\000o\000c\000u\000m\000e\000n\000t\000a\000t\000i\000o\000n}{section.3.3}
\BOOKMARK [3][-]{subsubsection.3.3.2.1}{\376\377\000i\000d}{subsection.3.3.2}
\BOOKMARK [3][-]{subsubsection.3.3.2.2}{\376\377\000q\000u\000a\000n\000t\000i\000t\000e}{subsection.3.3.2}
\BOOKMARK [3][-]{subsubsection.3.3.2.3}{\376\377\000s\000y\000s\000t\000e\000m}{subsection.3.3.2}
\BOOKMARK [1][-]{section.3.4}{\376\377\000L\000i\000s\000t\000A\000r\000g\000u\000m\000e\000n\000t\000s\000\040\000S\000t\000r\000u\000c\000t\000\040\000R\000e\000f\000e\000r\000e\000n\000c\000e}{chapter.3}
\BOOKMARK [2][-]{subsection.3.4.1}{\376\377\000D\000e\000t\000a\000i\000l\000e\000d\000\040\000D\000e\000s\000c\000r\000i\000p\000t\000i\000o\000n}{section.3.4}
\BOOKMARK [2][-]{subsection.3.4.2}{\376\377\000F\000i\000e\000l\000d\000\040\000D\000o\000c\000u\000m\000e\000n\000t\000a\000t\000i\000o\000n}{section.3.4}
\BOOKMARK [3][-]{subsubsection.3.4.2.1}{\376\377\000a\000c\000t\000i\000v\000i\000t\000y}{subsection.3.4.2}
\BOOKMARK [3][-]{subsubsection.3.4.2.2}{\376\377\000d\000e\000b\000u\000g}{subsection.3.4.2}
\BOOKMARK [3][-]{subsubsection.3.4.2.3}{\376\377\000f\000i\000l\000e\000s\000\137\000p\000a\000t\000h}{subsection.3.4.2}
\BOOKMARK [3][-]{subsubsection.3.4.2.4}{\376\377\000g\000r\000o\000u\000p}{subsection.3.4.2}
\BOOKMARK [3][-]{subsubsection.3.4.2.5}{\376\377\000p\000o\000r\000t}{subsection.3.4.2}
\BOOKMARK [1][-]{section.3.5}{\376\377\000L\000i\000s\000t\000P\000a\000r\000a\000m\000e\000t\000e\000r\000s\000\040\000S\000t\000r\000u\000c\000t\000\040\000R\000e\000f\000e\000r\000e\000n\000c\000e}{chapter.3}
\BOOKMARK [2][-]{subsection.3.5.1}{\376\377\000D\000e\000t\000a\000i\000l\000e\000d\000\040\000D\000e\000s\000c\000r\000i\000p\000t\000i\000o\000n}{section.3.5}
\BOOKMARK [2][-]{subsection.3.5.2}{\376\377\000F\000i\000e\000l\000d\000\040\000D\000o\000c\000u\000m\000e\000n\000t\000a\000t\000i\000o\000n}{section.3.5}
\BOOKMARK [3][-]{subsubsection.3.5.2.1}{\376\377\000b\000a\000n\000n\000e\000d}{subsection.3.5.2}
\BOOKMARK [3][-]{subsubsection.3.5.2.2}{\376\377\000c\000o\000n\000f}{subsection.3.5.2}
\BOOKMARK [3][-]{subsubsection.3.5.2.3}{\376\377\000e\000q\000u\000a\000t\000i\000o\000n}{subsection.3.5.2}
\BOOKMARK [3][-]{subsubsection.3.5.2.4}{\376\377\000i\000n\000t\000e\000r\000e\000s\000t\000\137\000p\000a\000r\000a\000m\000e\000t\000e\000r\000s}{subsection.3.5.2}
\BOOKMARK [3][-]{subsubsection.3.5.2.5}{\376\377\000m\000o\000d\000e\000l}{subsection.3.5.2}
\BOOKMARK [3][-]{subsubsection.3.5.2.6}{\376\377\000n\000b\000\137\000b\000a\000n\000n\000e\000d}{subsection.3.5.2}
\BOOKMARK [3][-]{subsubsection.3.5.2.7}{\376\377\000n\000b\000\137\000c\000o\000u\000p\000l\000e\000s}{subsection.3.5.2}
\BOOKMARK [3][-]{subsubsection.3.5.2.8}{\376\377\000n\000b\000\137\000e\000q\000u\000a\000t\000i\000o\000n\000s}{subsection.3.5.2}
\BOOKMARK [3][-]{subsubsection.3.5.2.9}{\376\377\000n\000b\000\137\000p\000a\000r\000a\000m\000e\000t\000e\000r\000s}{subsection.3.5.2}
\BOOKMARK [3][-]{subsubsection.3.5.2.10}{\376\377\000n\000b\000\137\000r\000e\000a\000c\000t\000i\000o\000n}{subsection.3.5.2}
\BOOKMARK [3][-]{subsubsection.3.5.2.11}{\376\377\000n\000b\000\137\000t\000r\000i\000e\000s\000M\000o\000d}{subsection.3.5.2}
\BOOKMARK [3][-]{subsubsection.3.5.2.12}{\376\377\000n\000b\000\137\000t\000r\000i\000e\000s\000S\000a}{subsection.3.5.2}
\BOOKMARK [3][-]{subsubsection.3.5.2.13}{\376\377\000n\000o\000e\000u\000d}{subsection.3.5.2}
\BOOKMARK [3][-]{subsubsection.3.5.2.14}{\376\377\000p\000a\000r\000a\000m\000e\000t\000e\000r\000s}{subsection.3.5.2}
\BOOKMARK [1][-]{section.3.6}{\376\377\000o\000p\000t\000i\000o\000n\000\040\000S\000t\000r\000u\000c\000t\000\040\000R\000e\000f\000e\000r\000e\000n\000c\000e}{chapter.3}
\BOOKMARK [2][-]{subsection.3.6.1}{\376\377\000D\000e\000t\000a\000i\000l\000e\000d\000\040\000D\000e\000s\000c\000r\000i\000p\000t\000i\000o\000n}{section.3.6}
\BOOKMARK [1][-]{section.3.7}{\376\377\000R\000e\000a\000c\000t\000i\000o\000n\000\040\000S\000t\000r\000u\000c\000t\000\040\000R\000e\000f\000e\000r\000e\000n\000c\000e}{chapter.3}
\BOOKMARK [2][-]{subsection.3.7.1}{\376\377\000D\000e\000t\000a\000i\000l\000e\000d\000\040\000D\000e\000s\000c\000r\000i\000p\000t\000i\000o\000n}{section.3.7}
\BOOKMARK [2][-]{subsection.3.7.2}{\376\377\000F\000i\000e\000l\000d\000\040\000D\000o\000c\000u\000m\000e\000n\000t\000a\000t\000i\000o\000n}{section.3.7}
\BOOKMARK [3][-]{subsubsection.3.7.2.1}{\376\377\000l\000i\000n\000k}{subsection.3.7.2}
\BOOKMARK [3][-]{subsubsection.3.7.2.2}{\376\377\000s\000u\000i\000v\000a\000n\000t}{subsection.3.7.2}
\BOOKMARK [1][-]{section.3.8}{\376\377\000S\000c\000o\000r\000e\000\040\000S\000t\000r\000u\000c\000t\000\040\000R\000e\000f\000e\000r\000e\000n\000c\000e}{chapter.3}
\BOOKMARK [2][-]{subsection.3.8.1}{\376\377\000D\000e\000t\000a\000i\000l\000e\000d\000\040\000D\000e\000s\000c\000r\000i\000p\000t\000i\000o\000n}{section.3.8}
\BOOKMARK [2][-]{subsection.3.8.2}{\376\377\000F\000i\000e\000l\000d\000\040\000D\000o\000c\000u\000m\000e\000n\000t\000a\000t\000i\000o\000n}{section.3.8}
\BOOKMARK [3][-]{subsubsection.3.8.2.1}{\376\377\000n\000a\000m\000e}{subsection.3.8.2}
\BOOKMARK [3][-]{subsubsection.3.8.2.2}{\376\377\000n\000b\000\137\000r\000e\000a\000c\000t\000i\000o\000n}{subsection.3.8.2}
\BOOKMARK [3][-]{subsubsection.3.8.2.3}{\376\377\000n\000b\000\137\000s\000p\000e\000c\000i\000e\000s}{subsection.3.8.2}
\BOOKMARK [3][-]{subsubsection.3.8.2.4}{\376\377\000q\000u\000a\000n\000t\000i\000t\000e}{subsection.3.8.2}
\BOOKMARK [3][-]{subsubsection.3.8.2.5}{\376\377\000r\000e\000a\000c\000t\000i\000o\000n}{subsection.3.8.2}
\BOOKMARK [3][-]{subsubsection.3.8.2.6}{\376\377\000s\000p\000e\000c\000i\000e\000s}{subsection.3.8.2}
\BOOKMARK [3][-]{subsubsection.3.8.2.7}{\376\377\000s\000p\000e\000c\000i\000e\000s\000\137\000a\000m\000o\000u\000n\000t}{subsection.3.8.2}
\BOOKMARK [3][-]{subsubsection.3.8.2.8}{\376\377\000s\000p\000e\000c\000i\000e\000s\000\137\000w\000e\000i\000g\000h\000t}{subsection.3.8.2}
\BOOKMARK [3][-]{subsubsection.3.8.2.9}{\376\377\000t\000a\000i\000l\000l\000e}{subsection.3.8.2}
\BOOKMARK [3][-]{subsubsection.3.8.2.10}{\376\377\000t\000a\000i\000l\000l\000e\000R\000e\000a\000c\000t\000i\000o\000n\000s}{subsection.3.8.2}
\BOOKMARK [3][-]{subsubsection.3.8.2.11}{\376\377\000t\000a\000i\000l\000l\000e\000S\000p\000e\000c\000i\000e\000s}{subsection.3.8.2}
\BOOKMARK [1][-]{section.3.9}{\376\377\000S\000i\000m\000P\000a\000r\000a\000m\000e\000t\000e\000r\000s\000\040\000S\000t\000r\000u\000c\000t\000\040\000R\000e\000f\000e\000r\000e\000n\000c\000e}{chapter.3}
\BOOKMARK [2][-]{subsection.3.9.1}{\376\377\000D\000e\000t\000a\000i\000l\000e\000d\000\040\000D\000e\000s\000c\000r\000i\000p\000t\000i\000o\000n}{section.3.9}
\BOOKMARK [2][-]{subsection.3.9.2}{\376\377\000F\000i\000e\000l\000d\000\040\000D\000o\000c\000u\000m\000e\000n\000t\000a\000t\000i\000o\000n}{section.3.9}
\BOOKMARK [3][-]{subsubsection.3.9.2.1}{\376\377\000d\000e\000b\000u\000g\000F\000i\000l\000e}{subsection.3.9.2}
\BOOKMARK [3][-]{subsubsection.3.9.2.2}{\376\377\000o\000u\000t}{subsection.3.9.2}
\BOOKMARK [3][-]{subsubsection.3.9.2.3}{\376\377\000p\000i\000l\000e}{subsection.3.9.2}
\BOOKMARK [3][-]{subsubsection.3.9.2.4}{\376\377\000r}{subsection.3.9.2}
\BOOKMARK [3][-]{subsubsection.3.9.2.5}{\376\377\000y}{subsection.3.9.2}
\BOOKMARK [1][-]{section.3.10}{\376\377\000T\000e\000s\000t\000R\000e\000a\000c\000t\000i\000o\000n\000\040\000S\000t\000r\000u\000c\000t\000\040\000R\000e\000f\000e\000r\000e\000n\000c\000e}{chapter.3}
\BOOKMARK [2][-]{subsection.3.10.1}{\376\377\000D\000e\000t\000a\000i\000l\000e\000d\000\040\000D\000e\000s\000c\000r\000i\000p\000t\000i\000o\000n}{section.3.10}
\BOOKMARK [2][-]{subsection.3.10.2}{\376\377\000F\000i\000e\000l\000d\000\040\000D\000o\000c\000u\000m\000e\000n\000t\000a\000t\000i\000o\000n}{section.3.10}
\BOOKMARK [3][-]{subsubsection.3.10.2.1}{\376\377\000m\000i\000n\000S\000t\000e\000p\000T\000a\000b}{subsection.3.10.2}
\BOOKMARK [3][-]{subsubsection.3.10.2.2}{\376\377\000t\000a\000b\000R\000e\000a\000c\000t\000i\000o\000n\000s}{subsection.3.10.2}
\BOOKMARK [1][-]{section.3.11}{\376\377\000x\000m\000l\000C\000o\000n\000f\000i\000g\000\137\000t\000\040\000S\000t\000r\000u\000c\000t\000\040\000R\000e\000f\000e\000r\000e\000n\000c\000e}{chapter.3}
\BOOKMARK [2][-]{subsection.3.11.1}{\376\377\000D\000e\000t\000a\000i\000l\000e\000d\000\040\000D\000e\000s\000c\000r\000i\000p\000t\000i\000o\000n}{section.3.11}
\BOOKMARK [2][-]{subsection.3.11.2}{\376\377\000F\000i\000e\000l\000d\000\040\000D\000o\000c\000u\000m\000e\000n\000t\000a\000t\000i\000o\000n}{section.3.11}
\BOOKMARK [3][-]{subsubsection.3.11.2.1}{\376\377\000c\000t\000x\000t}{subsection.3.11.2}
\BOOKMARK [3][-]{subsubsection.3.11.2.2}{\376\377\000d\000o\000c}{subsection.3.11.2}
\BOOKMARK [3][-]{subsubsection.3.11.2.3}{\376\377\000f\000i\000c\000h\000i\000e\000r}{subsection.3.11.2}
\BOOKMARK [3][-]{subsubsection.3.11.2.4}{\376\377\000r\000a\000c\000i\000n\000e}{subsection.3.11.2}
\BOOKMARK [0][-]{chapter.4}{\376\377\000F\000i\000l\000e\000\040\000D\000o\000c\000u\000m\000e\000n\000t\000a\000t\000i\000o\000n}{}
\BOOKMARK [1][-]{section.4.1}{\376\377\000m\000e\000t\000a\000b\000o\000f\000l\000u\000x\000/\000i\000n\000c\000l\000u\000d\000e\000/\000d\000a\000t\000a\000\137\000p\000a\000r\000a\000m\000e\000t\000e\000r\000s\000.\000h\000\040\000F\000i\000l\000e\000\040\000R\000e\000f\000e\000r\000e\000n\000c\000e}{chapter.4}
\BOOKMARK [2][-]{subsection.4.1.1}{\376\377\000D\000e\000t\000a\000i\000l\000e\000d\000\040\000D\000e\000s\000c\000r\000i\000p\000t\000i\000o\000n}{section.4.1}
\BOOKMARK [2][-]{subsection.4.1.2}{\376\377\000F\000u\000n\000c\000t\000i\000o\000n\000\040\000D\000o\000c\000u\000m\000e\000n\000t\000a\000t\000i\000o\000n}{section.4.1}
\BOOKMARK [3][-]{subsubsection.4.1.2.1}{\376\377\000D\000a\000t\000a\000\137\000a\000l\000l\000o\000c\000E\000q\000u\000a\000t\000i\000o\000n\000s}{subsection.4.1.2}
\BOOKMARK [3][-]{subsubsection.4.1.2.2}{\376\377\000D\000a\000t\000a\000\137\000a\000l\000l\000o\000c\000P\000a\000r\000a\000m\000e\000t\000e\000r\000s}{subsection.4.1.2}
\BOOKMARK [3][-]{subsubsection.4.1.2.3}{\376\377\000D\000a\000t\000a\000\137\000a\000l\000l\000o\000c\000S\000c\000o\000r\000e}{subsection.4.1.2}
\BOOKMARK [3][-]{subsubsection.4.1.2.4}{\376\377\000D\000a\000t\000a\000\137\000a\000l\000l\000o\000c\000S\000i\000m\000P\000a\000r\000a\000m\000e\000t\000e\000r\000s}{subsection.4.1.2}
\BOOKMARK [3][-]{subsubsection.4.1.2.5}{\376\377\000D\000a\000t\000a\000\137\000c\000o\000p\000i\000e\000T\000a\000b}{subsection.4.1.2}
\BOOKMARK [3][-]{subsubsection.4.1.2.6}{\376\377\000D\000a\000t\000a\000\137\000d\000e\000s\000a\000l\000l\000o\000c\000a\000t\000i\000o\000n}{subsection.4.1.2}
\BOOKMARK [3][-]{subsubsection.4.1.2.7}{\376\377\000D\000a\000t\000a\000\137\000d\000e\000s\000a\000l\000l\000o\000c\000S\000i\000m}{subsection.4.1.2}
\BOOKMARK [3][-]{subsubsection.4.1.2.8}{\376\377\000D\000a\000t\000a\000\137\000e\000q\000u\000a\000t\000i\000o\000n\000s\000A\000l\000l\000o\000c}{subsection.4.1.2}
\BOOKMARK [3][-]{subsubsection.4.1.2.9}{\376\377\000D\000a\000t\000a\000\137\000e\000q\000u\000a\000t\000i\000o\000n\000s\000I\000n\000i\000t}{subsection.4.1.2}
\BOOKMARK [3][-]{subsubsection.4.1.2.10}{\376\377\000D\000a\000t\000a\000\137\000i\000n\000i\000t\000S\000B\000M\000L}{subsection.4.1.2}
\BOOKMARK [3][-]{subsubsection.4.1.2.11}{\376\377\000D\000a\000t\000a\000\137\000i\000n\000i\000t\000X\000M\000L}{subsection.4.1.2}
\BOOKMARK [3][-]{subsubsection.4.1.2.12}{\376\377\000D\000a\000t\000a\000\137\000p\000a\000r\000a\000m\000e\000t\000e\000r\000s}{subsection.4.1.2}
\BOOKMARK [3][-]{subsubsection.4.1.2.13}{\376\377\000D\000a\000t\000a\000\137\000r\000n\000g\000A\000l\000l\000o\000c}{subsection.4.1.2}
\BOOKMARK [3][-]{subsubsection.4.1.2.14}{\376\377\000D\000a\000t\000a\000\137\000s\000c\000o\000r\000e\000A\000l\000l\000o\000c}{subsection.4.1.2}
\BOOKMARK [3][-]{subsubsection.4.1.2.15}{\376\377\000D\000a\000t\000a\000\137\000s\000c\000o\000r\000e\000F\000r\000e\000e}{subsection.4.1.2}
\BOOKMARK [3][-]{subsubsection.4.1.2.16}{\376\377\000D\000a\000t\000a\000\137\000s\000c\000o\000r\000e\000I\000n\000i\000t}{subsection.4.1.2}
\BOOKMARK [3][-]{subsubsection.4.1.2.17}{\376\377\000D\000a\000t\000a\000\137\000s\000i\000m\000P\000a\000r\000a\000m\000e\000t\000e\000r\000s}{subsection.4.1.2}
\BOOKMARK [3][-]{subsubsection.4.1.2.18}{\376\377\000D\000a\000t\000a\000\137\000u\000p\000d\000a\000t\000e\000T\000a\000b}{subsection.4.1.2}
\BOOKMARK [1][-]{section.4.2}{\376\377\000m\000e\000t\000a\000b\000o\000f\000l\000u\000x\000/\000i\000n\000c\000l\000u\000d\000e\000/\000e\000q\000u\000a\000t\000i\000o\000n\000s\000.\000h\000\040\000F\000i\000l\000e\000\040\000R\000e\000f\000e\000r\000e\000n\000c\000e}{chapter.4}
\BOOKMARK [2][-]{subsection.4.2.1}{\376\377\000D\000e\000t\000a\000i\000l\000e\000d\000\040\000D\000e\000s\000c\000r\000i\000p\000t\000i\000o\000n}{section.4.2}
\BOOKMARK [2][-]{subsection.4.2.2}{\376\377\000E\000n\000u\000m\000e\000r\000a\000t\000i\000o\000n\000\040\000T\000y\000p\000e\000\040\000D\000o\000c\000u\000m\000e\000n\000t\000a\000t\000i\000o\000n}{section.4.2}
\BOOKMARK [3][-]{subsubsection.4.2.2.1}{\376\377\000E\000q\000u\000t\000y\000p\000e}{subsection.4.2.2}
\BOOKMARK [2][-]{subsection.4.2.3}{\376\377\000F\000u\000n\000c\000t\000i\000o\000n\000\040\000D\000o\000c\000u\000m\000e\000n\000t\000a\000t\000i\000o\000n}{section.4.2}
\BOOKMARK [3][-]{subsubsection.4.2.3.1}{\376\377\000a\000d\000d}{subsection.4.2.3}
\BOOKMARK [3][-]{subsubsection.4.2.3.2}{\376\377\000d\000i\000v\000i\000d\000e}{subsection.4.2.3}
\BOOKMARK [3][-]{subsubsection.4.2.3.3}{\376\377\000e\000q\000u\000a\000l\000i\000t\000y}{subsection.4.2.3}
\BOOKMARK [3][-]{subsubsection.4.2.3.4}{\376\377\000E\000q\000u\000a\000t\000i\000o\000n\000s\000\137\000a\000d\000d\000O\000p}{subsection.4.2.3}
\BOOKMARK [3][-]{subsubsection.4.2.3.5}{\376\377\000E\000q\000u\000a\000t\000i\000o\000n\000s\000\137\000a\000l\000l\000o\000c}{subsection.4.2.3}
\BOOKMARK [3][-]{subsubsection.4.2.3.6}{\376\377\000E\000q\000u\000a\000t\000i\000o\000n\000s\000\137\000c\000a\000l\000c\000u\000l}{subsection.4.2.3}
\BOOKMARK [3][-]{subsubsection.4.2.3.7}{\376\377\000E\000q\000u\000a\000t\000i\000o\000n\000s\000\137\000d\000e\000f\000i\000l\000e\000r}{subsection.4.2.3}
\BOOKMARK [3][-]{subsubsection.4.2.3.8}{\376\377\000E\000q\000u\000a\000t\000i\000o\000n\000s\000\137\000d\000e\000f\000i\000l\000e\000r\000S\000u\000i\000v}{subsection.4.2.3}
\BOOKMARK [3][-]{subsubsection.4.2.3.9}{\376\377\000E\000q\000u\000a\000t\000i\000o\000n\000s\000\137\000d\000e\000f\000i\000n\000e}{subsection.4.2.3}
\BOOKMARK [3][-]{subsubsection.4.2.3.10}{\376\377\000E\000q\000u\000a\000t\000i\000o\000n\000s\000\137\000d\000e\000p\000i\000l\000e\000r}{subsection.4.2.3}
\BOOKMARK [3][-]{subsubsection.4.2.3.11}{\376\377\000E\000q\000u\000a\000t\000i\000o\000n\000s\000\137\000e\000m\000p\000i\000l\000e\000r}{subsection.4.2.3}
\BOOKMARK [3][-]{subsubsection.4.2.3.12}{\376\377\000E\000q\000u\000a\000t\000i\000o\000n\000s\000\137\000e\000m\000p\000t\000y\000O\000p}{subsection.4.2.3}
\BOOKMARK [3][-]{subsubsection.4.2.3.13}{\376\377\000E\000q\000u\000a\000t\000i\000o\000n\000s\000\137\000f\000i\000n\000a\000l\000Q\000u\000a\000n\000t\000i\000t\000e}{subsection.4.2.3}
\BOOKMARK [3][-]{subsubsection.4.2.3.14}{\376\377\000E\000q\000u\000a\000t\000i\000o\000n\000s\000\137\000f\000i\000n\000d\000S\000p\000e\000c\000i\000e\000s}{subsection.4.2.3}
\BOOKMARK [3][-]{subsubsection.4.2.3.15}{\376\377\000E\000q\000u\000a\000t\000i\000o\000n\000s\000\137\000p\000i\000l\000e\000F\000o\000r\000m\000a\000t\000i\000o\000n}{subsection.4.2.3}
\BOOKMARK [3][-]{subsubsection.4.2.3.16}{\376\377\000E\000q\000u\000a\000t\000i\000o\000n\000s\000\137\000p\000r\000i\000n\000t}{subsection.4.2.3}
\BOOKMARK [3][-]{subsubsection.4.2.3.17}{\376\377\000E\000q\000u\000a\000t\000i\000o\000n\000s\000\137\000p\000r\000i\000o\000r\000i\000t\000e}{subsection.4.2.3}
\BOOKMARK [3][-]{subsubsection.4.2.3.18}{\376\377\000E\000q\000u\000a\000t\000i\000o\000n\000s\000\137\000r\000e\000s\000u\000l\000t\000a\000t}{subsection.4.2.3}
\BOOKMARK [3][-]{subsubsection.4.2.3.19}{\376\377\000E\000q\000u\000a\000t\000i\000o\000n\000s\000\137\000s\000o\000m\000m\000e\000t}{subsection.4.2.3}
\BOOKMARK [3][-]{subsubsection.4.2.3.20}{\376\377\000E\000q\000u\000a\000t\000i\000o\000n\000s\000\137\000v\000i\000d\000e}{subsection.4.2.3}
\BOOKMARK [3][-]{subsubsection.4.2.3.21}{\376\377\000i\000n\000f}{subsection.4.2.3}
\BOOKMARK [3][-]{subsubsection.4.2.3.22}{\376\377\000i\000n\000f\000\137\000e\000q\000u\000a\000l}{subsection.4.2.3}
\BOOKMARK [3][-]{subsubsection.4.2.3.23}{\376\377\000m\000u\000l\000t\000i\000p\000l\000y}{subsection.4.2.3}
\BOOKMARK [3][-]{subsubsection.4.2.3.24}{\376\377\000s\000u\000b\000t\000r\000a\000c\000t}{subsection.4.2.3}
\BOOKMARK [3][-]{subsubsection.4.2.3.25}{\376\377\000s\000u\000p}{subsection.4.2.3}
\BOOKMARK [3][-]{subsubsection.4.2.3.26}{\376\377\000s\000u\000p\000\137\000e\000q\000u\000a\000l}{subsection.4.2.3}
\BOOKMARK [1][-]{section.4.3}{\376\377\000m\000e\000t\000a\000b\000o\000f\000l\000u\000x\000/\000i\000n\000c\000l\000u\000d\000e\000/\000e\000s\000p\000e\000c\000e\000s\000.\000h\000\040\000F\000i\000l\000e\000\040\000R\000e\000f\000e\000r\000e\000n\000c\000e}{chapter.4}
\BOOKMARK [2][-]{subsection.4.3.1}{\376\377\000D\000e\000t\000a\000i\000l\000e\000d\000\040\000D\000e\000s\000c\000r\000i\000p\000t\000i\000o\000n}{section.4.3}
\BOOKMARK [2][-]{subsection.4.3.2}{\376\377\000F\000u\000n\000c\000t\000i\000o\000n\000\040\000D\000o\000c\000u\000m\000e\000n\000t\000a\000t\000i\000o\000n}{section.4.3}
\BOOKMARK [3][-]{subsubsection.4.3.2.1}{\376\377\000E\000s\000p\000e\000c\000e\000s\000\137\000a\000l\000l\000o\000c}{subsection.4.3.2}
\BOOKMARK [3][-]{subsubsection.4.3.2.2}{\376\377\000E\000s\000p\000e\000c\000e\000s\000\137\000a\000l\000l\000o\000c\000R\000e\000a\000c\000t\000i\000o\000n\000s}{subsection.4.3.2}
\BOOKMARK [3][-]{subsubsection.4.3.2.3}{\376\377\000E\000s\000p\000e\000c\000e\000s\000\137\000f\000i\000n\000d}{subsection.4.3.2}
\BOOKMARK [3][-]{subsubsection.4.3.2.4}{\376\377\000E\000s\000p\000e\000c\000e\000s\000\137\000f\000r\000e\000e}{subsection.4.3.2}
\BOOKMARK [3][-]{subsubsection.4.3.2.5}{\376\377\000E\000s\000p\000e\000c\000e\000s\000\137\000f\000r\000e\000e\000R\000e\000a\000c\000t\000i\000o\000n\000s}{subsection.4.3.2}
\BOOKMARK [3][-]{subsubsection.4.3.2.6}{\376\377\000E\000s\000p\000e\000c\000e\000s\000\137\000g\000e\000t\000N\000b\000r\000e\000a\000c\000t\000i\000o\000n\000s}{subsection.4.3.2}
\BOOKMARK [3][-]{subsubsection.4.3.2.7}{\376\377\000E\000s\000p\000e\000c\000e\000s\000\137\000g\000e\000t\000Q\000u\000a\000n\000t\000i\000t\000e}{subsection.4.3.2}
\BOOKMARK [3][-]{subsubsection.4.3.2.8}{\376\377\000E\000s\000p\000e\000c\000e\000s\000\137\000p\000r\000i\000n\000t}{subsection.4.3.2}
\BOOKMARK [3][-]{subsubsection.4.3.2.9}{\376\377\000E\000s\000p\000e\000c\000e\000s\000\137\000p\000r\000i\000n\000t\000\137\0002}{subsection.4.3.2}
\BOOKMARK [3][-]{subsubsection.4.3.2.10}{\376\377\000E\000s\000p\000e\000c\000e\000s\000\137\000s\000a\000v\000e}{subsection.4.3.2}
\BOOKMARK [3][-]{subsubsection.4.3.2.11}{\376\377\000E\000s\000p\000e\000c\000e\000s\000\137\000s\000c\000o\000r\000e\000S\000p\000e\000c\000i\000e\000s}{subsection.4.3.2}
\BOOKMARK [3][-]{subsubsection.4.3.2.12}{\376\377\000E\000s\000p\000e\000c\000e\000s\000\137\000s\000e\000t\000Q\000u\000a\000n\000t\000i\000t\000e}{subsection.4.3.2}
\BOOKMARK [1][-]{section.4.4}{\376\377\000m\000e\000t\000a\000b\000o\000f\000l\000u\000x\000/\000i\000n\000c\000l\000u\000d\000e\000/\000g\000s\000l\000\137\000m\000i\000n\000.\000h\000\040\000F\000i\000l\000e\000\040\000R\000e\000f\000e\000r\000e\000n\000c\000e}{chapter.4}
\BOOKMARK [2][-]{subsection.4.4.1}{\376\377\000D\000e\000t\000a\000i\000l\000e\000d\000\040\000D\000e\000s\000c\000r\000i\000p\000t\000i\000o\000n}{section.4.4}
\BOOKMARK [2][-]{subsection.4.4.2}{\376\377\000F\000u\000n\000c\000t\000i\000o\000n\000\040\000D\000o\000c\000u\000m\000e\000n\000t\000a\000t\000i\000o\000n}{section.4.4}
\BOOKMARK [3][-]{subsubsection.4.4.2.1}{\376\377\000M\000i\000n\000\137\000c\000o\000m\000p\000u\000t\000e\000\137\000m\000i\000n\000i\000m\000i\000z\000a\000t\000i\000o\000n}{subsection.4.4.2}
\BOOKMARK [3][-]{subsubsection.4.4.2.2}{\376\377\000M\000i\000n\000\137\000c\000o\000p\000i\000e\000T\000a\000b\0002}{subsection.4.4.2}
\BOOKMARK [3][-]{subsubsection.4.4.2.3}{\376\377\000M\000i\000n\000\137\000c\000o\000p\000i\000e\000T\000a\000b\0003}{subsection.4.4.2}
\BOOKMARK [3][-]{subsubsection.4.4.2.4}{\376\377\000M\000i\000n\000\137\000g\000e\000t\000T\000a\000m\000p\000o\000n}{subsection.4.4.2}
\BOOKMARK [3][-]{subsubsection.4.4.2.5}{\376\377\000M\000i\000n\000\137\000m\000y\000\137\000f}{subsection.4.4.2}
\BOOKMARK [3][-]{subsubsection.4.4.2.6}{\376\377\000M\000i\000n\000\137\000s\000c\000o\000r\000e\000\137\000p\000r\000i\000n\000t\000\137\000m\000e\000a\000n}{subsection.4.4.2}
\BOOKMARK [3][-]{subsubsection.4.4.2.7}{\376\377\000M\000i\000n\000\137\000v\000e\000r\000i\000f\000V\000a\000l\000u\000e}{subsection.4.4.2}
\BOOKMARK [1][-]{section.4.5}{\376\377\000m\000e\000t\000a\000b\000o\000f\000l\000u\000x\000/\000i\000n\000c\000l\000u\000d\000e\000/\000g\000s\000l\000\137\000m\000o\000d\000.\000h\000\040\000F\000i\000l\000e\000\040\000R\000e\000f\000e\000r\000e\000n\000c\000e}{chapter.4}
\BOOKMARK [2][-]{subsection.4.5.1}{\376\377\000D\000e\000t\000a\000i\000l\000e\000d\000\040\000D\000e\000s\000c\000r\000i\000p\000t\000i\000o\000n}{section.4.5}
\BOOKMARK [2][-]{subsection.4.5.2}{\376\377\000F\000u\000n\000c\000t\000i\000o\000n\000\040\000D\000o\000c\000u\000m\000e\000n\000t\000a\000t\000i\000o\000n}{section.4.5}
\BOOKMARK [3][-]{subsubsection.4.5.2.1}{\376\377\000M\000o\000d\000\137\000c\000o\000m\000p\000u\000t\000e\000\137\000m\000o\000d\000e\000l\000i\000n\000g}{subsection.4.5.2}
\BOOKMARK [3][-]{subsubsection.4.5.2.2}{\376\377\000M\000o\000d\000\137\000s\000c\000o\000r\000e\000\137\000p\000r\000i\000n\000t\000\137\000m\000e\000a\000n}{subsection.4.5.2}
\BOOKMARK [1][-]{section.4.6}{\376\377\000m\000e\000t\000a\000b\000o\000f\000l\000u\000x\000/\000i\000n\000c\000l\000u\000d\000e\000/\000g\000s\000l\000\137\000r\000e\000c\000u\000i\000t\000.\000h\000\040\000F\000i\000l\000e\000\040\000R\000e\000f\000e\000r\000e\000n\000c\000e}{chapter.4}
\BOOKMARK [2][-]{subsection.4.6.1}{\376\377\000D\000e\000t\000a\000i\000l\000e\000d\000\040\000D\000e\000s\000c\000r\000i\000p\000t\000i\000o\000n}{section.4.6}
\BOOKMARK [2][-]{subsection.4.6.2}{\376\377\000F\000u\000n\000c\000t\000i\000o\000n\000\040\000D\000o\000c\000u\000m\000e\000n\000t\000a\000t\000i\000o\000n}{section.4.6}
\BOOKMARK [3][-]{subsubsection.4.6.2.1}{\376\377\000R\000e\000c\000u\000i\000t\000\137\000c\000o\000m\000p\000u\000t\000e\000\137\000r\000e\000c\000u\000i\000t}{subsection.4.6.2}
\BOOKMARK [3][-]{subsubsection.4.6.2.2}{\376\377\000R\000e\000c\000u\000i\000t\000\137\000d\000e\000f\000P\000a\000r\000a\000m\000e\000t\000r\000e}{subsection.4.6.2}
\BOOKMARK [3][-]{subsubsection.4.6.2.3}{\376\377\000R\000e\000c\000u\000i\000t\000\137\000e\000n\000e\000r\000g\000y\000F\000u\000n\000c\000t\000i\000o\000n}{subsection.4.6.2}
\BOOKMARK [3][-]{subsubsection.4.6.2.4}{\376\377\000R\000e\000c\000u\000i\000t\000\137\000m\000e\000t\000r\000i\000c\000D\000i\000s\000t\000a\000n\000c\000e}{subsection.4.6.2}
\BOOKMARK [3][-]{subsubsection.4.6.2.5}{\376\377\000R\000e\000c\000u\000i\000t\000\137\000p\000r\000i\000n\000t\000P\000a\000r\000a\000m\000e\000t\000r\000e}{subsection.4.6.2}
\BOOKMARK [3][-]{subsubsection.4.6.2.6}{\376\377\000R\000e\000c\000u\000i\000t\000\137\000p\000r\000i\000n\000t\000P\000o\000s\000i\000t\000i\000o\000n}{subsection.4.6.2}
\BOOKMARK [3][-]{subsubsection.4.6.2.7}{\376\377\000R\000e\000c\000u\000i\000t\000\137\000r\000e\000d\000i\000r\000e\000c\000t\000i\000o\000n\000F\000l\000u\000x}{subsection.4.6.2}
\BOOKMARK [3][-]{subsubsection.4.6.2.8}{\376\377\000R\000e\000c\000u\000i\000t\000\137\000t\000a\000k\000e\000S\000t\000e\000p}{subsection.4.6.2}
\BOOKMARK [3][-]{subsubsection.4.6.2.9}{\376\377\000R\000e\000c\000u\000i\000t\000\137\000v\000e\000r\000i\000f\000P\000a\000r\000a\000m\000e\000t\000e\000r\000s}{subsection.4.6.2}
\BOOKMARK [3][-]{subsubsection.4.6.2.10}{\376\377\000R\000e\000c\000u\000i\000t\000\137\000v\000e\000r\000i\000f\000P\000a\000r\000a\000m\000e\000t\000e\000r\000s\000\137\0002}{subsection.4.6.2}
\BOOKMARK [1][-]{section.4.7}{\376\377\000m\000e\000t\000a\000b\000o\000f\000l\000u\000x\000/\000i\000n\000c\000l\000u\000d\000e\000/\000g\000s\000l\000\137\000s\000d\000.\000h\000\040\000F\000i\000l\000e\000\040\000R\000e\000f\000e\000r\000e\000n\000c\000e}{chapter.4}
\BOOKMARK [2][-]{subsection.4.7.1}{\376\377\000D\000e\000t\000a\000i\000l\000e\000d\000\040\000D\000e\000s\000c\000r\000i\000p\000t\000i\000o\000n}{section.4.7}
\BOOKMARK [2][-]{subsection.4.7.2}{\376\377\000F\000u\000n\000c\000t\000i\000o\000n\000\040\000D\000o\000c\000u\000m\000e\000n\000t\000a\000t\000i\000o\000n}{section.4.7}
\BOOKMARK [3][-]{subsubsection.4.7.2.1}{\376\377\000S\000d\000\137\000c\000o\000m\000p\000u\000t\000e\000\137\000s\000i\000m\000u\000l\000a\000t\000i\000o\000n}{subsection.4.7.2}
\BOOKMARK [3][-]{subsubsection.4.7.2.2}{\376\377\000S\000d\000\137\000c\000o\000m\000p\000u\000t\000e\000\137\000s\000t\000a\000n\000d\000a\000r\000d\000\137\000d\000e\000v\000i\000a\000t\000i\000o\000n}{subsection.4.7.2}
\BOOKMARK [1][-]{section.4.8}{\376\377\000m\000e\000t\000a\000b\000o\000f\000l\000u\000x\000/\000i\000n\000c\000l\000u\000d\000e\000/\000m\000p\000i\000\137\000l\000o\000a\000d\000.\000h\000\040\000F\000i\000l\000e\000\040\000R\000e\000f\000e\000r\000e\000n\000c\000e}{chapter.4}
\BOOKMARK [2][-]{subsection.4.8.1}{\376\377\000D\000e\000t\000a\000i\000l\000e\000d\000\040\000D\000e\000s\000c\000r\000i\000p\000t\000i\000o\000n}{section.4.8}
\BOOKMARK [2][-]{subsection.4.8.2}{\376\377\000F\000u\000n\000c\000t\000i\000o\000n\000\040\000D\000o\000c\000u\000m\000e\000n\000t\000a\000t\000i\000o\000n}{section.4.8}
\BOOKMARK [3][-]{subsubsection.4.8.2.1}{\376\377\000c\000o\000m\000p\000u\000t\000e\000\137\000m\000p\000i}{subsection.4.8.2}
\BOOKMARK [3][-]{subsubsection.4.8.2.2}{\376\377\000M\000p\000i\000\137\000a\000l\000l\000o\000c\000R\000e\000s\000u\000l\000t\000T\000a\000b}{subsection.4.8.2}
\BOOKMARK [3][-]{subsubsection.4.8.2.3}{\376\377\000M\000p\000i\000\137\000c\000o\000n\000n\000e\000c\000t\000I\000n\000t\000e\000r\000f\000a\000c\000e}{subsection.4.8.2}
\BOOKMARK [3][-]{subsubsection.4.8.2.4}{\376\377\000M\000p\000i\000\137\000d\000i\000s\000c\000o\000n\000n\000e\000c\000t\000I\000n\000t\000e\000r\000f\000a\000c\000e}{subsection.4.8.2}
\BOOKMARK [3][-]{subsubsection.4.8.2.5}{\376\377\000M\000p\000i\000\137\000f\000i\000n\000a\000l\000i\000z\000e}{subsection.4.8.2}
\BOOKMARK [3][-]{subsubsection.4.8.2.6}{\376\377\000M\000p\000i\000\137\000i\000n\000i\000t}{subsection.4.8.2}
\BOOKMARK [3][-]{subsubsection.4.8.2.7}{\376\377\000M\000p\000i\000\137\000m\000a\000s\000t\000e\000r}{subsection.4.8.2}
\BOOKMARK [3][-]{subsubsection.4.8.2.8}{\376\377\000M\000p\000i\000\137\000s\000i\000z\000e\000R\000e\000s\000u\000l\000t\000T\000a\000b}{subsection.4.8.2}
\BOOKMARK [3][-]{subsubsection.4.8.2.9}{\376\377\000M\000p\000i\000\137\000s\000l\000a\000v\000e}{subsection.4.8.2}
\BOOKMARK [3][-]{subsubsection.4.8.2.10}{\376\377\000M\000p\000i\000\137\000w\000r\000i\000t\000e\000r}{subsection.4.8.2}
\BOOKMARK [3][-]{subsubsection.4.8.2.11}{\376\377\000M\000p\000i\000\137\000w\000r\000i\000t\000e\000S\000d\000F\000i\000l\000e}{subsection.4.8.2}
\BOOKMARK [3][-]{subsubsection.4.8.2.12}{\376\377\000M\000p\000i\000\137\000w\000r\000i\000t\000e\000S\000i\000m\000F\000i\000l\000e}{subsection.4.8.2}
\BOOKMARK [1][-]{section.4.9}{\376\377\000m\000e\000t\000a\000b\000o\000f\000l\000u\000x\000/\000i\000n\000c\000l\000u\000d\000e\000/\000s\000i\000m\000u\000l\000a\000t\000i\000o\000n\000.\000h\000\040\000F\000i\000l\000e\000\040\000R\000e\000f\000e\000r\000e\000n\000c\000e}{chapter.4}
\BOOKMARK [2][-]{subsection.4.9.1}{\376\377\000D\000e\000t\000a\000i\000l\000e\000d\000\040\000D\000e\000s\000c\000r\000i\000p\000t\000i\000o\000n}{section.4.9}
\BOOKMARK [2][-]{subsection.4.9.2}{\376\377\000F\000u\000n\000c\000t\000i\000o\000n\000\040\000D\000o\000c\000u\000m\000e\000n\000t\000a\000t\000i\000o\000n}{section.4.9}
\BOOKMARK [3][-]{subsubsection.4.9.2.1}{\376\377\000S\000B\000M\000L\000\137\000a\000l\000l\000o\000c\000T\000e\000s\000t}{subsection.4.9.2}
\BOOKMARK [3][-]{subsubsection.4.9.2.2}{\376\377\000S\000B\000M\000L\000\137\000c\000h\000e\000c\000k\000Q\000u\000a\000n\000t\000i\000t\000e}{subsection.4.9.2}
\BOOKMARK [3][-]{subsubsection.4.9.2.3}{\376\377\000S\000B\000M\000L\000\137\000c\000o\000m\000p\000u\000t\000e\000\137\000s\000i\000m\000u\000l\000a\000t\000i\000o\000n}{subsection.4.9.2}
\BOOKMARK [3][-]{subsubsection.4.9.2.4}{\376\377\000S\000B\000M\000L\000\137\000c\000o\000m\000p\000u\000t\000e\000\137\000s\000i\000m\000u\000l\000a\000t\000i\000o\000n\000\137\000m\000e\000a\000n}{subsection.4.9.2}
\BOOKMARK [3][-]{subsubsection.4.9.2.5}{\376\377\000S\000B\000M\000L\000\137\000d\000e\000b\000u\000g\000P\000r\000i\000n\000t}{subsection.4.9.2}
\BOOKMARK [3][-]{subsubsection.4.9.2.6}{\376\377\000S\000B\000M\000L\000\137\000d\000e\000b\000u\000g\000P\000r\000i\000n\000t\000H\000e\000a\000d}{subsection.4.9.2}
\BOOKMARK [3][-]{subsubsection.4.9.2.7}{\376\377\000S\000B\000M\000L\000\137\000E\000s\000t\000i\000m\000a\000t\000i\000o\000n\000R\000e\000a\000c\000t\000i\000o\000n}{subsection.4.9.2}
\BOOKMARK [3][-]{subsubsection.4.9.2.8}{\376\377\000S\000B\000M\000L\000\137\000e\000v\000a\000l\000E\000x\000p\000r\000e\000s\000s\000i\000o\000n}{subsection.4.9.2}
\BOOKMARK [3][-]{subsubsection.4.9.2.9}{\376\377\000S\000B\000M\000L\000\137\000f\000i\000n\000d\000R\000e\000a\000c\000t\000i\000o\000n}{subsection.4.9.2}
\BOOKMARK [3][-]{subsubsection.4.9.2.10}{\376\377\000S\000B\000M\000L\000\137\000f\000r\000e\000e\000T\000e\000s\000t}{subsection.4.9.2}
\BOOKMARK [3][-]{subsubsection.4.9.2.11}{\376\377\000S\000B\000M\000L\000\137\000i\000n\000i\000t\000E\000s\000p\000e\000c\000e\000A\000m\000o\000u\000n\000t\000s}{subsection.4.9.2}
\BOOKMARK [3][-]{subsubsection.4.9.2.12}{\376\377\000S\000B\000M\000L\000\137\000r\000e\000a\000c\000t\000C\000h\000o\000i\000c\000e}{subsection.4.9.2}
\BOOKMARK [3][-]{subsubsection.4.9.2.13}{\376\377\000S\000B\000M\000L\000\137\000r\000e\000a\000c\000t\000i\000o\000n}{subsection.4.9.2}
\BOOKMARK [3][-]{subsubsection.4.9.2.14}{\376\377\000S\000B\000M\000L\000\137\000s\000c\000o\000r\000e}{subsection.4.9.2}
\BOOKMARK [3][-]{subsubsection.4.9.2.15}{\376\377\000S\000B\000M\000L\000\137\000s\000c\000o\000r\000e\000\137\000a\000d\000d}{subsection.4.9.2}
\BOOKMARK [3][-]{subsubsection.4.9.2.16}{\376\377\000S\000B\000M\000L\000\137\000s\000c\000o\000r\000e\000\137\000m\000e\000a\000n}{subsection.4.9.2}
\BOOKMARK [3][-]{subsubsection.4.9.2.17}{\376\377\000S\000B\000M\000L\000\137\000s\000e\000t\000R\000e\000a\000c\000t\000i\000o\000n\000s}{subsection.4.9.2}
\BOOKMARK [3][-]{subsubsection.4.9.2.18}{\376\377\000S\000B\000M\000L\000\137\000s\000i\000m\000u\000l\000a\000t\000e}{subsection.4.9.2}
\BOOKMARK [1][-]{section.4.10}{\376\377\000m\000e\000t\000a\000b\000o\000f\000l\000u\000x\000/\000i\000n\000c\000l\000u\000d\000e\000/\000x\000m\000l\000\137\000p\000a\000r\000a\000m\000e\000t\000e\000r\000.\000h\000\040\000F\000i\000l\000e\000\040\000R\000e\000f\000e\000r\000e\000n\000c\000e}{chapter.4}
\BOOKMARK [2][-]{subsection.4.10.1}{\376\377\000D\000e\000t\000a\000i\000l\000e\000d\000\040\000D\000e\000s\000c\000r\000i\000p\000t\000i\000o\000n}{section.4.10}
\BOOKMARK [2][-]{subsection.4.10.2}{\376\377\000F\000u\000n\000c\000t\000i\000o\000n\000\040\000D\000o\000c\000u\000m\000e\000n\000t\000a\000t\000i\000o\000n}{section.4.10}
\BOOKMARK [3][-]{subsubsection.4.10.2.1}{\376\377\000X\000m\000l\000\137\000a\000l\000l\000o\000c\000E\000q\000u\000a\000t\000i\000o\000n}{subsection.4.10.2}
\BOOKMARK [3][-]{subsubsection.4.10.2.2}{\376\377\000X\000m\000l\000\137\000f\000r\000e\000e\000C\000o\000n\000f\000i\000g}{subsection.4.10.2}
\BOOKMARK [3][-]{subsubsection.4.10.2.3}{\376\377\000X\000m\000l\000\137\000g\000e\000t\000a\000l\000l\000S\000p\000e\000c\000i\000e\000s\000F\000i\000n\000a\000l\000A\000m\000o\000u\000n\000t}{subsection.4.10.2}
\BOOKMARK [3][-]{subsubsection.4.10.2.4}{\376\377\000X\000m\000l\000\137\000g\000e\000t\000a\000l\000l\000S\000p\000e\000c\000i\000e\000s\000W\000e\000i\000g\000h\000t}{subsection.4.10.2}
\BOOKMARK [3][-]{subsubsection.4.10.2.5}{\376\377\000X\000m\000l\000\137\000g\000e\000t\000B\000a\000n\000n\000e\000d}{subsection.4.10.2}
\BOOKMARK [3][-]{subsubsection.4.10.2.6}{\376\377\000X\000m\000l\000\137\000g\000e\000t\000B\000o\000l\000t\000z\000m\000a\000n\000n}{subsection.4.10.2}
\BOOKMARK [3][-]{subsubsection.4.10.2.7}{\376\377\000X\000m\000l\000\137\000g\000e\000t\000C\000o\000u\000n\000t}{subsection.4.10.2}
\BOOKMARK [3][-]{subsubsection.4.10.2.8}{\376\377\000X\000m\000l\000\137\000g\000e\000t\000D\000o\000u\000b\000l\000e\000N\000u\000m\000b\000e\000r}{subsection.4.10.2}
\BOOKMARK [3][-]{subsubsection.4.10.2.9}{\376\377\000X\000m\000l\000\137\000g\000e\000t\000K\000i\000n\000e\000t\000i\000c\000L\000a\000w}{subsection.4.10.2}
\BOOKMARK [3][-]{subsubsection.4.10.2.10}{\376\377\000X\000m\000l\000\137\000g\000e\000t\000K\000i\000n\000e\000t\000i\000c\000L\000a\000w\000N\000o\000d\000e\000s}{subsection.4.10.2}
\BOOKMARK [3][-]{subsubsection.4.10.2.11}{\376\377\000X\000m\000l\000\137\000g\000e\000t\000M\000u\000T}{subsection.4.10.2}
\BOOKMARK [3][-]{subsubsection.4.10.2.12}{\376\377\000X\000m\000l\000\137\000g\000e\000t\000N\000b\000B\000a\000n\000n\000e\000d\000S\000p\000e\000c\000i\000e\000s}{subsection.4.10.2}
\BOOKMARK [3][-]{subsubsection.4.10.2.13}{\376\377\000X\000m\000l\000\137\000g\000e\000t\000N\000b\000C\000o\000u\000p\000l\000e\000s}{subsection.4.10.2}
\BOOKMARK [3][-]{subsubsection.4.10.2.14}{\376\377\000X\000m\000l\000\137\000g\000e\000t\000N\000b\000E\000q\000u\000a\000t\000i\000o\000n\000s}{subsection.4.10.2}
\BOOKMARK [3][-]{subsubsection.4.10.2.15}{\376\377\000X\000m\000l\000\137\000g\000e\000t\000N\000b\000G\000r\000o\000u\000p}{subsection.4.10.2}
\BOOKMARK [3][-]{subsubsection.4.10.2.16}{\376\377\000X\000m\000l\000\137\000g\000e\000t\000N\000b\000I\000t\000e\000r\000s}{subsection.4.10.2}
\BOOKMARK [3][-]{subsubsection.4.10.2.17}{\376\377\000X\000m\000l\000\137\000g\000e\000t\000N\000b\000P\000a\000r\000a\000m\000e\000t\000e\000r\000s}{subsection.4.10.2}
\BOOKMARK [3][-]{subsubsection.4.10.2.18}{\376\377\000X\000m\000l\000\137\000g\000e\000t\000N\000b\000R\000e\000a\000c\000t\000i\000o\000n}{subsection.4.10.2}
\BOOKMARK [3][-]{subsubsection.4.10.2.19}{\376\377\000X\000m\000l\000\137\000g\000e\000t\000N\000b\000R\000e\000a\000c\000t\000i\000o\000n\000i\000n\000N\000o\000e\000u\000d}{subsection.4.10.2}
\BOOKMARK [3][-]{subsubsection.4.10.2.20}{\376\377\000X\000m\000l\000\137\000g\000e\000t\000N\000b\000S\000i\000m\000u\000l\000a\000t\000i\000o\000n\000s}{subsection.4.10.2}
\BOOKMARK [3][-]{subsubsection.4.10.2.21}{\376\377\000X\000m\000l\000\137\000g\000e\000t\000N\000b\000S\000p\000e\000c\000i\000e\000s}{subsection.4.10.2}
\BOOKMARK [3][-]{subsubsection.4.10.2.22}{\376\377\000X\000m\000l\000\137\000g\000e\000t\000N\000b\000T\000r\000i\000e\000s\000M\000o\000d}{subsection.4.10.2}
\BOOKMARK [3][-]{subsubsection.4.10.2.23}{\376\377\000X\000m\000l\000\137\000g\000e\000t\000N\000b\000T\000r\000i\000e\000s\000S\000a}{subsection.4.10.2}
\BOOKMARK [3][-]{subsubsection.4.10.2.24}{\376\377\000X\000m\000l\000\137\000g\000e\000t\000N\000u\000m\000b\000e\000r}{subsection.4.10.2}
\BOOKMARK [3][-]{subsubsection.4.10.2.25}{\376\377\000X\000m\000l\000\137\000g\000e\000t\000R\000e\000a\000c\000t\000i\000o\000n\000s\000N\000a\000m\000e\000s}{subsection.4.10.2}
\BOOKMARK [3][-]{subsubsection.4.10.2.26}{\376\377\000X\000m\000l\000\137\000g\000e\000t\000R\000e\000a\000c\000t\000i\000o\000n\000s\000N\000a\000m\000e\000s\000i\000n\000N\000o\000e\000u\000d}{subsection.4.10.2}
\BOOKMARK [3][-]{subsubsection.4.10.2.27}{\376\377\000X\000m\000l\000\137\000g\000e\000t\000S\000p\000e\000c\000i\000e\000s\000F\000i\000n\000a\000l\000A\000m\000o\000u\000n\000t}{subsection.4.10.2}
\BOOKMARK [3][-]{subsubsection.4.10.2.28}{\376\377\000X\000m\000l\000\137\000g\000e\000t\000S\000p\000e\000c\000i\000e\000s\000W\000e\000i\000g\000h\000t}{subsection.4.10.2}
\BOOKMARK [3][-]{subsubsection.4.10.2.29}{\376\377\000X\000m\000l\000\137\000g\000e\000t\000S\000t\000e\000p\000S\000i\000z\000e}{subsection.4.10.2}
\BOOKMARK [3][-]{subsubsection.4.10.2.30}{\376\377\000X\000m\000l\000\137\000g\000e\000t\000S\000t\000r\000i\000n\000g}{subsection.4.10.2}
\BOOKMARK [3][-]{subsubsection.4.10.2.31}{\376\377\000X\000m\000l\000\137\000g\000e\000t\000T\000i\000n\000i\000t\000i\000a\000l}{subsection.4.10.2}
\BOOKMARK [3][-]{subsubsection.4.10.2.32}{\376\377\000X\000m\000l\000\137\000g\000e\000t\000T\000m\000i\000n}{subsection.4.10.2}
\BOOKMARK [3][-]{subsubsection.4.10.2.33}{\376\377\000X\000m\000l\000\137\000l\000o\000a\000d\000C\000o\000n\000f\000i\000g}{subsection.4.10.2}
\BOOKMARK [1][-]{section.4.11}{\376\377\000m\000e\000t\000a\000b\000o\000f\000l\000u\000x\000/\000s\000r\000c\000/\000d\000a\000t\000a\000\137\000p\000a\000r\000a\000m\000e\000t\000e\000r\000s\000.\000c\000\040\000F\000i\000l\000e\000\040\000R\000e\000f\000e\000r\000e\000n\000c\000e}{chapter.4}
\BOOKMARK [2][-]{subsection.4.11.1}{\376\377\000D\000e\000t\000a\000i\000l\000e\000d\000\040\000D\000e\000s\000c\000r\000i\000p\000t\000i\000o\000n}{section.4.11}
\BOOKMARK [2][-]{subsection.4.11.2}{\376\377\000F\000u\000n\000c\000t\000i\000o\000n\000\040\000D\000o\000c\000u\000m\000e\000n\000t\000a\000t\000i\000o\000n}{section.4.11}
\BOOKMARK [3][-]{subsubsection.4.11.2.1}{\376\377\000D\000a\000t\000a\000\137\000a\000l\000l\000o\000c\000E\000q\000u\000a\000t\000i\000o\000n\000s}{subsection.4.11.2}
\BOOKMARK [3][-]{subsubsection.4.11.2.2}{\376\377\000D\000a\000t\000a\000\137\000a\000l\000l\000o\000c\000P\000a\000r\000a\000m\000e\000t\000e\000r\000s}{subsection.4.11.2}
\BOOKMARK [3][-]{subsubsection.4.11.2.3}{\376\377\000D\000a\000t\000a\000\137\000a\000l\000l\000o\000c\000S\000c\000o\000r\000e}{subsection.4.11.2}
\BOOKMARK [3][-]{subsubsection.4.11.2.4}{\376\377\000D\000a\000t\000a\000\137\000a\000l\000l\000o\000c\000S\000i\000m\000P\000a\000r\000a\000m\000e\000t\000e\000r\000s}{subsection.4.11.2}
\BOOKMARK [3][-]{subsubsection.4.11.2.5}{\376\377\000D\000a\000t\000a\000\137\000c\000o\000p\000i\000e\000T\000a\000b}{subsection.4.11.2}
\BOOKMARK [3][-]{subsubsection.4.11.2.6}{\376\377\000D\000a\000t\000a\000\137\000d\000e\000s\000a\000l\000l\000o\000c\000a\000t\000i\000o\000n}{subsection.4.11.2}
\BOOKMARK [3][-]{subsubsection.4.11.2.7}{\376\377\000D\000a\000t\000a\000\137\000d\000e\000s\000a\000l\000l\000o\000c\000S\000i\000m}{subsection.4.11.2}
\BOOKMARK [3][-]{subsubsection.4.11.2.8}{\376\377\000D\000a\000t\000a\000\137\000e\000q\000u\000a\000t\000i\000o\000n\000s\000A\000l\000l\000o\000c}{subsection.4.11.2}
\BOOKMARK [3][-]{subsubsection.4.11.2.9}{\376\377\000D\000a\000t\000a\000\137\000e\000q\000u\000a\000t\000i\000o\000n\000s\000I\000n\000i\000t}{subsection.4.11.2}
\BOOKMARK [3][-]{subsubsection.4.11.2.10}{\376\377\000D\000a\000t\000a\000\137\000i\000n\000i\000t\000S\000B\000M\000L}{subsection.4.11.2}
\BOOKMARK [3][-]{subsubsection.4.11.2.11}{\376\377\000D\000a\000t\000a\000\137\000i\000n\000i\000t\000X\000M\000L}{subsection.4.11.2}
\BOOKMARK [3][-]{subsubsection.4.11.2.12}{\376\377\000D\000a\000t\000a\000\137\000p\000a\000r\000a\000m\000e\000t\000e\000r\000s}{subsection.4.11.2}
\BOOKMARK [3][-]{subsubsection.4.11.2.13}{\376\377\000D\000a\000t\000a\000\137\000r\000n\000g\000A\000l\000l\000o\000c}{subsection.4.11.2}
\BOOKMARK [3][-]{subsubsection.4.11.2.14}{\376\377\000D\000a\000t\000a\000\137\000s\000c\000o\000r\000e\000A\000l\000l\000o\000c}{subsection.4.11.2}
\BOOKMARK [3][-]{subsubsection.4.11.2.15}{\376\377\000D\000a\000t\000a\000\137\000s\000c\000o\000r\000e\000F\000r\000e\000e}{subsection.4.11.2}
\BOOKMARK [3][-]{subsubsection.4.11.2.16}{\376\377\000D\000a\000t\000a\000\137\000s\000c\000o\000r\000e\000I\000n\000i\000t}{subsection.4.11.2}
\BOOKMARK [3][-]{subsubsection.4.11.2.17}{\376\377\000D\000a\000t\000a\000\137\000s\000i\000m\000P\000a\000r\000a\000m\000e\000t\000e\000r\000s}{subsection.4.11.2}
\BOOKMARK [3][-]{subsubsection.4.11.2.18}{\376\377\000D\000a\000t\000a\000\137\000u\000p\000d\000a\000t\000e\000T\000a\000b}{subsection.4.11.2}
\BOOKMARK [1][-]{section.4.12}{\376\377\000m\000e\000t\000a\000b\000o\000f\000l\000u\000x\000/\000s\000r\000c\000/\000e\000q\000u\000a\000t\000i\000o\000n\000s\000.\000c\000\040\000F\000i\000l\000e\000\040\000R\000e\000f\000e\000r\000e\000n\000c\000e}{chapter.4}
\BOOKMARK [2][-]{subsection.4.12.1}{\376\377\000D\000e\000t\000a\000i\000l\000e\000d\000\040\000D\000e\000s\000c\000r\000i\000p\000t\000i\000o\000n}{section.4.12}
\BOOKMARK [2][-]{subsection.4.12.2}{\376\377\000F\000u\000n\000c\000t\000i\000o\000n\000\040\000D\000o\000c\000u\000m\000e\000n\000t\000a\000t\000i\000o\000n}{section.4.12}
\BOOKMARK [3][-]{subsubsection.4.12.2.1}{\376\377\000a\000d\000d}{subsection.4.12.2}
\BOOKMARK [3][-]{subsubsection.4.12.2.2}{\376\377\000d\000i\000v\000i\000d\000e}{subsection.4.12.2}
\BOOKMARK [3][-]{subsubsection.4.12.2.3}{\376\377\000e\000q\000u\000a\000l\000i\000t\000y}{subsection.4.12.2}
\BOOKMARK [3][-]{subsubsection.4.12.2.4}{\376\377\000E\000q\000u\000a\000t\000i\000o\000n\000s\000\137\000a\000d\000d\000O\000p}{subsection.4.12.2}
\BOOKMARK [3][-]{subsubsection.4.12.2.5}{\376\377\000E\000q\000u\000a\000t\000i\000o\000n\000s\000\137\000a\000l\000l\000o\000c}{subsection.4.12.2}
\BOOKMARK [3][-]{subsubsection.4.12.2.6}{\376\377\000E\000q\000u\000a\000t\000i\000o\000n\000s\000\137\000c\000a\000l\000c\000u\000l}{subsection.4.12.2}
\BOOKMARK [3][-]{subsubsection.4.12.2.7}{\376\377\000E\000q\000u\000a\000t\000i\000o\000n\000s\000\137\000d\000e\000f\000i\000l\000e\000r}{subsection.4.12.2}
\BOOKMARK [3][-]{subsubsection.4.12.2.8}{\376\377\000E\000q\000u\000a\000t\000i\000o\000n\000s\000\137\000d\000e\000f\000i\000l\000e\000r\000S\000u\000i\000v}{subsection.4.12.2}
\BOOKMARK [3][-]{subsubsection.4.12.2.9}{\376\377\000E\000q\000u\000a\000t\000i\000o\000n\000s\000\137\000d\000e\000f\000i\000n\000e}{subsection.4.12.2}
\BOOKMARK [3][-]{subsubsection.4.12.2.10}{\376\377\000E\000q\000u\000a\000t\000i\000o\000n\000s\000\137\000d\000e\000p\000i\000l\000e\000r}{subsection.4.12.2}
\BOOKMARK [3][-]{subsubsection.4.12.2.11}{\376\377\000E\000q\000u\000a\000t\000i\000o\000n\000s\000\137\000e\000m\000p\000i\000l\000e\000r}{subsection.4.12.2}
\BOOKMARK [3][-]{subsubsection.4.12.2.12}{\376\377\000E\000q\000u\000a\000t\000i\000o\000n\000s\000\137\000e\000m\000p\000t\000y\000O\000p}{subsection.4.12.2}
\BOOKMARK [3][-]{subsubsection.4.12.2.13}{\376\377\000E\000q\000u\000a\000t\000i\000o\000n\000s\000\137\000e\000x\000t\000r\000a\000c\000t\000D\000a\000t\000a}{subsection.4.12.2}
\BOOKMARK [3][-]{subsubsection.4.12.2.14}{\376\377\000E\000q\000u\000a\000t\000i\000o\000n\000s\000\137\000f\000i\000n\000a\000l\000Q\000u\000a\000n\000t\000i\000t\000e}{subsection.4.12.2}
\BOOKMARK [3][-]{subsubsection.4.12.2.15}{\376\377\000E\000q\000u\000a\000t\000i\000o\000n\000s\000\137\000f\000i\000n\000d\000S\000p\000e\000c\000i\000e\000s}{subsection.4.12.2}
\BOOKMARK [3][-]{subsubsection.4.12.2.16}{\376\377\000E\000q\000u\000a\000t\000i\000o\000n\000s\000\137\000p\000i\000l\000e\000F\000o\000r\000m\000a\000t\000i\000o\000n}{subsection.4.12.2}
\BOOKMARK [3][-]{subsubsection.4.12.2.17}{\376\377\000E\000q\000u\000a\000t\000i\000o\000n\000s\000\137\000p\000r\000i\000n\000t}{subsection.4.12.2}
\BOOKMARK [3][-]{subsubsection.4.12.2.18}{\376\377\000E\000q\000u\000a\000t\000i\000o\000n\000s\000\137\000p\000r\000i\000o\000r\000i\000t\000e}{subsection.4.12.2}
\BOOKMARK [3][-]{subsubsection.4.12.2.19}{\376\377\000E\000q\000u\000a\000t\000i\000o\000n\000s\000\137\000r\000e\000s\000u\000l\000t\000a\000t}{subsection.4.12.2}
\BOOKMARK [3][-]{subsubsection.4.12.2.20}{\376\377\000E\000q\000u\000a\000t\000i\000o\000n\000s\000\137\000s\000o\000m\000m\000e\000t}{subsection.4.12.2}
\BOOKMARK [3][-]{subsubsection.4.12.2.21}{\376\377\000E\000q\000u\000a\000t\000i\000o\000n\000s\000\137\000v\000i\000d\000e}{subsection.4.12.2}
\BOOKMARK [3][-]{subsubsection.4.12.2.22}{\376\377\000i\000n\000f}{subsection.4.12.2}
\BOOKMARK [3][-]{subsubsection.4.12.2.23}{\376\377\000i\000n\000f\000\137\000e\000q\000u\000a\000l}{subsection.4.12.2}
\BOOKMARK [3][-]{subsubsection.4.12.2.24}{\376\377\000m\000u\000l\000t\000i\000p\000l\000y}{subsection.4.12.2}
\BOOKMARK [3][-]{subsubsection.4.12.2.25}{\376\377\000s\000u\000b\000t\000r\000a\000c\000t}{subsection.4.12.2}
\BOOKMARK [3][-]{subsubsection.4.12.2.26}{\376\377\000s\000u\000p}{subsection.4.12.2}
\BOOKMARK [3][-]{subsubsection.4.12.2.27}{\376\377\000s\000u\000p\000\137\000e\000q\000u\000a\000l}{subsection.4.12.2}
\BOOKMARK [1][-]{section.4.13}{\376\377\000m\000e\000t\000a\000b\000o\000f\000l\000u\000x\000/\000s\000r\000c\000/\000e\000s\000p\000e\000c\000e\000s\000.\000c\000\040\000F\000i\000l\000e\000\040\000R\000e\000f\000e\000r\000e\000n\000c\000e}{chapter.4}
\BOOKMARK [2][-]{subsection.4.13.1}{\376\377\000D\000e\000t\000a\000i\000l\000e\000d\000\040\000D\000e\000s\000c\000r\000i\000p\000t\000i\000o\000n}{section.4.13}
\BOOKMARK [2][-]{subsection.4.13.2}{\376\377\000F\000u\000n\000c\000t\000i\000o\000n\000\040\000D\000o\000c\000u\000m\000e\000n\000t\000a\000t\000i\000o\000n}{section.4.13}
\BOOKMARK [3][-]{subsubsection.4.13.2.1}{\376\377\000E\000s\000p\000e\000c\000e\000s\000\137\000a\000l\000l\000o\000c}{subsection.4.13.2}
\BOOKMARK [3][-]{subsubsection.4.13.2.2}{\376\377\000E\000s\000p\000e\000c\000e\000s\000\137\000a\000l\000l\000o\000c\000R\000e\000a\000c\000t\000i\000o\000n\000s}{subsection.4.13.2}
\BOOKMARK [3][-]{subsubsection.4.13.2.3}{\376\377\000E\000s\000p\000e\000c\000e\000s\000\137\000f\000i\000n\000d}{subsection.4.13.2}
\BOOKMARK [3][-]{subsubsection.4.13.2.4}{\376\377\000E\000s\000p\000e\000c\000e\000s\000\137\000f\000r\000e\000e}{subsection.4.13.2}
\BOOKMARK [3][-]{subsubsection.4.13.2.5}{\376\377\000E\000s\000p\000e\000c\000e\000s\000\137\000f\000r\000e\000e\000R\000e\000a\000c\000t\000i\000o\000n\000s}{subsection.4.13.2}
\BOOKMARK [3][-]{subsubsection.4.13.2.6}{\376\377\000E\000s\000p\000e\000c\000e\000s\000\137\000g\000e\000t\000N\000b\000r\000e\000a\000c\000t\000i\000o\000n\000s}{subsection.4.13.2}
\BOOKMARK [3][-]{subsubsection.4.13.2.7}{\376\377\000E\000s\000p\000e\000c\000e\000s\000\137\000g\000e\000t\000Q\000u\000a\000n\000t\000i\000t\000e}{subsection.4.13.2}
\BOOKMARK [3][-]{subsubsection.4.13.2.8}{\376\377\000E\000s\000p\000e\000c\000e\000s\000\137\000p\000r\000i\000n\000t}{subsection.4.13.2}
\BOOKMARK [3][-]{subsubsection.4.13.2.9}{\376\377\000E\000s\000p\000e\000c\000e\000s\000\137\000p\000r\000i\000n\000t\000\137\0002}{subsection.4.13.2}
\BOOKMARK [3][-]{subsubsection.4.13.2.10}{\376\377\000E\000s\000p\000e\000c\000e\000s\000\137\000s\000a\000v\000e}{subsection.4.13.2}
\BOOKMARK [3][-]{subsubsection.4.13.2.11}{\376\377\000E\000s\000p\000e\000c\000e\000s\000\137\000s\000c\000o\000r\000e\000S\000p\000e\000c\000i\000e\000s}{subsection.4.13.2}
\BOOKMARK [3][-]{subsubsection.4.13.2.12}{\376\377\000E\000s\000p\000e\000c\000e\000s\000\137\000s\000e\000t\000Q\000u\000a\000n\000t\000i\000t\000e}{subsection.4.13.2}
\BOOKMARK [1][-]{section.4.14}{\376\377\000m\000e\000t\000a\000b\000o\000f\000l\000u\000x\000/\000s\000r\000c\000/\000g\000s\000l\000\137\000m\000i\000n\000.\000c\000\040\000F\000i\000l\000e\000\040\000R\000e\000f\000e\000r\000e\000n\000c\000e}{chapter.4}
\BOOKMARK [2][-]{subsection.4.14.1}{\376\377\000D\000e\000t\000a\000i\000l\000e\000d\000\040\000D\000e\000s\000c\000r\000i\000p\000t\000i\000o\000n}{section.4.14}
\BOOKMARK [2][-]{subsection.4.14.2}{\376\377\000F\000u\000n\000c\000t\000i\000o\000n\000\040\000D\000o\000c\000u\000m\000e\000n\000t\000a\000t\000i\000o\000n}{section.4.14}
\BOOKMARK [3][-]{subsubsection.4.14.2.1}{\376\377\000M\000i\000n\000\137\000c\000o\000m\000p\000u\000t\000e\000\137\000m\000i\000n\000i\000m\000i\000z\000a\000t\000i\000o\000n}{subsection.4.14.2}
\BOOKMARK [3][-]{subsubsection.4.14.2.2}{\376\377\000M\000i\000n\000\137\000c\000o\000p\000i\000e\000T\000a\000b\0002}{subsection.4.14.2}
\BOOKMARK [3][-]{subsubsection.4.14.2.3}{\376\377\000M\000i\000n\000\137\000c\000o\000p\000i\000e\000T\000a\000b\0003}{subsection.4.14.2}
\BOOKMARK [3][-]{subsubsection.4.14.2.4}{\376\377\000M\000i\000n\000\137\000g\000e\000t\000T\000a\000m\000p\000o\000n}{subsection.4.14.2}
\BOOKMARK [3][-]{subsubsection.4.14.2.5}{\376\377\000M\000i\000n\000\137\000m\000y\000\137\000f}{subsection.4.14.2}
\BOOKMARK [3][-]{subsubsection.4.14.2.6}{\376\377\000M\000i\000n\000\137\000s\000c\000o\000r\000e\000\137\000p\000r\000i\000n\000t\000\137\000m\000e\000a\000n}{subsection.4.14.2}
\BOOKMARK [3][-]{subsubsection.4.14.2.7}{\376\377\000M\000i\000n\000\137\000v\000e\000r\000i\000f\000V\000a\000l\000u\000e}{subsection.4.14.2}
\BOOKMARK [1][-]{section.4.15}{\376\377\000m\000e\000t\000a\000b\000o\000f\000l\000u\000x\000/\000s\000r\000c\000/\000g\000s\000l\000\137\000m\000o\000d\000.\000c\000\040\000F\000i\000l\000e\000\040\000R\000e\000f\000e\000r\000e\000n\000c\000e}{chapter.4}
\BOOKMARK [2][-]{subsection.4.15.1}{\376\377\000D\000e\000t\000a\000i\000l\000e\000d\000\040\000D\000e\000s\000c\000r\000i\000p\000t\000i\000o\000n}{section.4.15}
\BOOKMARK [2][-]{subsection.4.15.2}{\376\377\000F\000u\000n\000c\000t\000i\000o\000n\000\040\000D\000o\000c\000u\000m\000e\000n\000t\000a\000t\000i\000o\000n}{section.4.15}
\BOOKMARK [3][-]{subsubsection.4.15.2.1}{\376\377\000M\000o\000d\000\137\000c\000o\000m\000p\000u\000t\000e\000\137\000m\000o\000d\000e\000l\000i\000n\000g}{subsection.4.15.2}
\BOOKMARK [3][-]{subsubsection.4.15.2.2}{\376\377\000M\000o\000d\000\137\000s\000c\000o\000r\000e\000\137\000p\000r\000i\000n\000t\000\137\000m\000e\000a\000n}{subsection.4.15.2}
\BOOKMARK [1][-]{section.4.16}{\376\377\000m\000e\000t\000a\000b\000o\000f\000l\000u\000x\000/\000s\000r\000c\000/\000g\000s\000l\000\137\000r\000e\000c\000u\000i\000t\000.\000c\000\040\000F\000i\000l\000e\000\040\000R\000e\000f\000e\000r\000e\000n\000c\000e}{chapter.4}
\BOOKMARK [2][-]{subsection.4.16.1}{\376\377\000D\000e\000t\000a\000i\000l\000e\000d\000\040\000D\000e\000s\000c\000r\000i\000p\000t\000i\000o\000n}{section.4.16}
\BOOKMARK [2][-]{subsection.4.16.2}{\376\377\000F\000u\000n\000c\000t\000i\000o\000n\000\040\000D\000o\000c\000u\000m\000e\000n\000t\000a\000t\000i\000o\000n}{section.4.16}
\BOOKMARK [3][-]{subsubsection.4.16.2.1}{\376\377\000R\000e\000c\000u\000i\000t\000\137\000c\000o\000m\000p\000u\000t\000e\000\137\000r\000e\000c\000u\000i\000t}{subsection.4.16.2}
\BOOKMARK [3][-]{subsubsection.4.16.2.2}{\376\377\000R\000e\000c\000u\000i\000t\000\137\000d\000e\000f\000P\000a\000r\000a\000m\000e\000t\000r\000e}{subsection.4.16.2}
\BOOKMARK [3][-]{subsubsection.4.16.2.3}{\376\377\000R\000e\000c\000u\000i\000t\000\137\000e\000n\000e\000r\000g\000y\000F\000u\000n\000c\000t\000i\000o\000n}{subsection.4.16.2}
\BOOKMARK [3][-]{subsubsection.4.16.2.4}{\376\377\000R\000e\000c\000u\000i\000t\000\137\000m\000e\000t\000r\000i\000c\000D\000i\000s\000t\000a\000n\000c\000e}{subsection.4.16.2}
\BOOKMARK [3][-]{subsubsection.4.16.2.5}{\376\377\000R\000e\000c\000u\000i\000t\000\137\000p\000r\000i\000n\000t\000P\000a\000r\000a\000m\000e\000t\000r\000e}{subsection.4.16.2}
\BOOKMARK [3][-]{subsubsection.4.16.2.6}{\376\377\000R\000e\000c\000u\000i\000t\000\137\000p\000r\000i\000n\000t\000P\000o\000s\000i\000t\000i\000o\000n}{subsection.4.16.2}
\BOOKMARK [3][-]{subsubsection.4.16.2.7}{\376\377\000R\000e\000c\000u\000i\000t\000\137\000r\000e\000d\000i\000r\000e\000c\000t\000i\000o\000n\000F\000l\000u\000x}{subsection.4.16.2}
\BOOKMARK [3][-]{subsubsection.4.16.2.8}{\376\377\000R\000e\000c\000u\000i\000t\000\137\000t\000a\000k\000e\000S\000t\000e\000p}{subsection.4.16.2}
\BOOKMARK [3][-]{subsubsection.4.16.2.9}{\376\377\000R\000e\000c\000u\000i\000t\000\137\000v\000e\000r\000i\000f\000P\000a\000r\000a\000m\000e\000t\000e\000r\000s}{subsection.4.16.2}
\BOOKMARK [3][-]{subsubsection.4.16.2.10}{\376\377\000R\000e\000c\000u\000i\000t\000\137\000v\000e\000r\000i\000f\000P\000a\000r\000a\000m\000e\000t\000e\000r\000s\000\137\0002}{subsection.4.16.2}
\BOOKMARK [1][-]{section.4.17}{\376\377\000m\000e\000t\000a\000b\000o\000f\000l\000u\000x\000/\000s\000r\000c\000/\000g\000s\000l\000\137\000s\000d\000.\000c\000\040\000F\000i\000l\000e\000\040\000R\000e\000f\000e\000r\000e\000n\000c\000e}{chapter.4}
\BOOKMARK [2][-]{subsection.4.17.1}{\376\377\000D\000e\000t\000a\000i\000l\000e\000d\000\040\000D\000e\000s\000c\000r\000i\000p\000t\000i\000o\000n}{section.4.17}
\BOOKMARK [2][-]{subsection.4.17.2}{\376\377\000F\000u\000n\000c\000t\000i\000o\000n\000\040\000D\000o\000c\000u\000m\000e\000n\000t\000a\000t\000i\000o\000n}{section.4.17}
\BOOKMARK [3][-]{subsubsection.4.17.2.1}{\376\377\000S\000d\000\137\000c\000o\000m\000p\000u\000t\000e\000\137\000s\000i\000m\000u\000l\000a\000t\000i\000o\000n}{subsection.4.17.2}
\BOOKMARK [3][-]{subsubsection.4.17.2.2}{\376\377\000S\000d\000\137\000c\000o\000m\000p\000u\000t\000e\000\137\000s\000t\000a\000n\000d\000a\000r\000d\000\137\000d\000e\000v\000i\000a\000t\000i\000o\000n}{subsection.4.17.2}
\BOOKMARK [1][-]{section.4.18}{\376\377\000m\000e\000t\000a\000b\000o\000f\000l\000u\000x\000/\000s\000r\000c\000/\000M\000e\000t\000a\000B\000o\000F\000l\000u\000x\000.\000c\000\040\000F\000i\000l\000e\000\040\000R\000e\000f\000e\000r\000e\000n\000c\000e}{chapter.4}
\BOOKMARK [2][-]{subsection.4.18.1}{\376\377\000D\000e\000t\000a\000i\000l\000e\000d\000\040\000D\000e\000s\000c\000r\000i\000p\000t\000i\000o\000n}{section.4.18}
\BOOKMARK [2][-]{subsection.4.18.2}{\376\377\000F\000u\000n\000c\000t\000i\000o\000n\000\040\000D\000o\000c\000u\000m\000e\000n\000t\000a\000t\000i\000o\000n}{section.4.18}
\BOOKMARK [3][-]{subsubsection.4.18.2.1}{\376\377\000a\000l\000l\000o\000c\000\137\000a\000r\000g\000u\000m\000e\000n\000t\000s}{subsection.4.18.2}
\BOOKMARK [3][-]{subsubsection.4.18.2.2}{\376\377\000a\000r\000g\000u\000m\000e\000n\000t\000\137\000a\000n\000a\000l\000y\000s\000i\000s}{subsection.4.18.2}
\BOOKMARK [3][-]{subsubsection.4.18.2.3}{\376\377\000c\000h\000e\000c\000k\000\137\000a\000r\000g\000u\000m\000e\000n\000t\000s}{subsection.4.18.2}
\BOOKMARK [3][-]{subsubsection.4.18.2.4}{\376\377\000c\000h\000e\000c\000k\000\137\000c\000o\000m\000m\000o\000n}{subsection.4.18.2}
\BOOKMARK [3][-]{subsubsection.4.18.2.5}{\376\377\000e\000r\000r\000o\000r\000\137\000a\000c\000t\000i\000v\000i\000t\000y}{subsection.4.18.2}
\BOOKMARK [3][-]{subsubsection.4.18.2.6}{\376\377\000f\000r\000e\000e\000\137\000a\000r\000g\000u\000m\000e\000n\000t\000s}{subsection.4.18.2}
\BOOKMARK [3][-]{subsubsection.4.18.2.7}{\376\377\000h\000e\000l\000p\000\137\000p\000r\000i\000n\000t}{subsection.4.18.2}
\BOOKMARK [3][-]{subsubsection.4.18.2.8}{\376\377\000m\000a\000i\000n}{subsection.4.18.2}
\BOOKMARK [1][-]{section.4.19}{\376\377\000m\000e\000t\000a\000b\000o\000f\000l\000u\000x\000/\000s\000r\000c\000/\000m\000p\000i\000\137\000l\000o\000a\000d\000.\000c\000\040\000F\000i\000l\000e\000\040\000R\000e\000f\000e\000r\000e\000n\000c\000e}{chapter.4}
\BOOKMARK [2][-]{subsection.4.19.1}{\376\377\000D\000e\000t\000a\000i\000l\000e\000d\000\040\000D\000e\000s\000c\000r\000i\000p\000t\000i\000o\000n}{section.4.19}
\BOOKMARK [2][-]{subsection.4.19.2}{\376\377\000F\000u\000n\000c\000t\000i\000o\000n\000\040\000D\000o\000c\000u\000m\000e\000n\000t\000a\000t\000i\000o\000n}{section.4.19}
\BOOKMARK [3][-]{subsubsection.4.19.2.1}{\376\377\000c\000o\000m\000p\000u\000t\000e\000\137\000m\000p\000i}{subsection.4.19.2}
\BOOKMARK [3][-]{subsubsection.4.19.2.2}{\376\377\000M\000p\000i\000\137\000a\000l\000l\000o\000c\000R\000e\000s\000u\000l\000t\000T\000a\000b}{subsection.4.19.2}
\BOOKMARK [3][-]{subsubsection.4.19.2.3}{\376\377\000M\000p\000i\000\137\000c\000o\000n\000n\000e\000c\000t\000I\000n\000t\000e\000r\000f\000a\000c\000e}{subsection.4.19.2}
\BOOKMARK [3][-]{subsubsection.4.19.2.4}{\376\377\000M\000p\000i\000\137\000d\000i\000s\000c\000o\000n\000n\000e\000c\000t\000I\000n\000t\000e\000r\000f\000a\000c\000e}{subsection.4.19.2}
\BOOKMARK [3][-]{subsubsection.4.19.2.5}{\376\377\000M\000p\000i\000\137\000f\000i\000n\000a\000l\000i\000z\000e}{subsection.4.19.2}
\BOOKMARK [3][-]{subsubsection.4.19.2.6}{\376\377\000M\000p\000i\000\137\000i\000n\000i\000t}{subsection.4.19.2}
\BOOKMARK [3][-]{subsubsection.4.19.2.7}{\376\377\000M\000p\000i\000\137\000m\000a\000s\000t\000e\000r}{subsection.4.19.2}
\BOOKMARK [3][-]{subsubsection.4.19.2.8}{\376\377\000M\000p\000i\000\137\000s\000i\000z\000e\000R\000e\000s\000u\000l\000t\000T\000a\000b}{subsection.4.19.2}
\BOOKMARK [3][-]{subsubsection.4.19.2.9}{\376\377\000M\000p\000i\000\137\000s\000l\000a\000v\000e}{subsection.4.19.2}
\BOOKMARK [3][-]{subsubsection.4.19.2.10}{\376\377\000M\000p\000i\000\137\000w\000r\000i\000t\000e\000r}{subsection.4.19.2}
\BOOKMARK [3][-]{subsubsection.4.19.2.11}{\376\377\000M\000p\000i\000\137\000w\000r\000i\000t\000e\000S\000d\000F\000i\000l\000e}{subsection.4.19.2}
\BOOKMARK [3][-]{subsubsection.4.19.2.12}{\376\377\000M\000p\000i\000\137\000w\000r\000i\000t\000e\000S\000i\000m\000F\000i\000l\000e}{subsection.4.19.2}
\BOOKMARK [1][-]{section.4.20}{\376\377\000m\000e\000t\000a\000b\000o\000f\000l\000u\000x\000/\000s\000r\000c\000/\000s\000i\000m\000u\000l\000a\000t\000i\000o\000n\000.\000c\000\040\000F\000i\000l\000e\000\040\000R\000e\000f\000e\000r\000e\000n\000c\000e}{chapter.4}
\BOOKMARK [2][-]{subsection.4.20.1}{\376\377\000D\000e\000t\000a\000i\000l\000e\000d\000\040\000D\000e\000s\000c\000r\000i\000p\000t\000i\000o\000n}{section.4.20}
\BOOKMARK [2][-]{subsection.4.20.2}{\376\377\000F\000u\000n\000c\000t\000i\000o\000n\000\040\000D\000o\000c\000u\000m\000e\000n\000t\000a\000t\000i\000o\000n}{section.4.20}
\BOOKMARK [3][-]{subsubsection.4.20.2.1}{\376\377\000S\000B\000M\000L\000\137\000a\000l\000l\000o\000c\000T\000e\000s\000t}{subsection.4.20.2}
\BOOKMARK [3][-]{subsubsection.4.20.2.2}{\376\377\000S\000B\000M\000L\000\137\000c\000h\000e\000c\000k\000Q\000u\000a\000n\000t\000i\000t\000e}{subsection.4.20.2}
\BOOKMARK [3][-]{subsubsection.4.20.2.3}{\376\377\000S\000B\000M\000L\000\137\000c\000o\000m\000p\000u\000t\000e\000\137\000s\000i\000m\000u\000l\000a\000t\000i\000o\000n}{subsection.4.20.2}
\BOOKMARK [3][-]{subsubsection.4.20.2.4}{\376\377\000S\000B\000M\000L\000\137\000c\000o\000m\000p\000u\000t\000e\000\137\000s\000i\000m\000u\000l\000a\000t\000i\000o\000n\000\137\000m\000e\000a\000n}{subsection.4.20.2}
\BOOKMARK [3][-]{subsubsection.4.20.2.5}{\376\377\000S\000B\000M\000L\000\137\000d\000e\000b\000u\000g\000P\000r\000i\000n\000t}{subsection.4.20.2}
\BOOKMARK [3][-]{subsubsection.4.20.2.6}{\376\377\000S\000B\000M\000L\000\137\000d\000e\000b\000u\000g\000P\000r\000i\000n\000t\000H\000e\000a\000d}{subsection.4.20.2}
\BOOKMARK [3][-]{subsubsection.4.20.2.7}{\376\377\000S\000B\000M\000L\000\137\000E\000s\000t\000i\000m\000a\000t\000i\000o\000n\000R\000e\000a\000c\000t\000i\000o\000n}{subsection.4.20.2}
\BOOKMARK [3][-]{subsubsection.4.20.2.8}{\376\377\000S\000B\000M\000L\000\137\000e\000v\000a\000l\000E\000x\000p\000r\000e\000s\000s\000i\000o\000n}{subsection.4.20.2}
\BOOKMARK [3][-]{subsubsection.4.20.2.9}{\376\377\000S\000B\000M\000L\000\137\000f\000i\000n\000d\000R\000e\000a\000c\000t\000i\000o\000n}{subsection.4.20.2}
\BOOKMARK [3][-]{subsubsection.4.20.2.10}{\376\377\000S\000B\000M\000L\000\137\000f\000r\000e\000e\000T\000e\000s\000t}{subsection.4.20.2}
\BOOKMARK [3][-]{subsubsection.4.20.2.11}{\376\377\000S\000B\000M\000L\000\137\000i\000n\000i\000t\000E\000s\000p\000e\000c\000e\000A\000m\000o\000u\000n\000t\000s}{subsection.4.20.2}
\BOOKMARK [3][-]{subsubsection.4.20.2.12}{\376\377\000S\000B\000M\000L\000\137\000r\000e\000a\000c\000t\000C\000h\000o\000i\000c\000e}{subsection.4.20.2}
\BOOKMARK [3][-]{subsubsection.4.20.2.13}{\376\377\000S\000B\000M\000L\000\137\000r\000e\000a\000c\000t\000i\000o\000n}{subsection.4.20.2}
\BOOKMARK [3][-]{subsubsection.4.20.2.14}{\376\377\000S\000B\000M\000L\000\137\000s\000c\000o\000r\000e}{subsection.4.20.2}
\BOOKMARK [3][-]{subsubsection.4.20.2.15}{\376\377\000S\000B\000M\000L\000\137\000s\000c\000o\000r\000e\000\137\000a\000d\000d}{subsection.4.20.2}
\BOOKMARK [3][-]{subsubsection.4.20.2.16}{\376\377\000S\000B\000M\000L\000\137\000s\000c\000o\000r\000e\000\137\000m\000e\000a\000n}{subsection.4.20.2}
\BOOKMARK [3][-]{subsubsection.4.20.2.17}{\376\377\000S\000B\000M\000L\000\137\000s\000e\000t\000R\000e\000a\000c\000t\000i\000o\000n\000s}{subsection.4.20.2}
\BOOKMARK [3][-]{subsubsection.4.20.2.18}{\376\377\000S\000B\000M\000L\000\137\000s\000i\000m\000u\000l\000a\000t\000e}{subsection.4.20.2}
\BOOKMARK [1][-]{section.4.21}{\376\377\000m\000e\000t\000a\000b\000o\000f\000l\000u\000x\000/\000s\000r\000c\000/\000x\000m\000l\000\137\000p\000a\000r\000a\000m\000e\000t\000e\000r\000.\000c\000\040\000F\000i\000l\000e\000\040\000R\000e\000f\000e\000r\000e\000n\000c\000e}{chapter.4}
\BOOKMARK [2][-]{subsection.4.21.1}{\376\377\000D\000e\000t\000a\000i\000l\000e\000d\000\040\000D\000e\000s\000c\000r\000i\000p\000t\000i\000o\000n}{section.4.21}
\BOOKMARK [2][-]{subsection.4.21.2}{\376\377\000F\000u\000n\000c\000t\000i\000o\000n\000\040\000D\000o\000c\000u\000m\000e\000n\000t\000a\000t\000i\000o\000n}{section.4.21}
\BOOKMARK [3][-]{subsubsection.4.21.2.1}{\376\377\000X\000m\000l\000\137\000a\000l\000l\000o\000c\000E\000q\000u\000a\000t\000i\000o\000n}{subsection.4.21.2}
\BOOKMARK [3][-]{subsubsection.4.21.2.2}{\376\377\000X\000m\000l\000\137\000f\000r\000e\000e\000C\000o\000n\000f\000i\000g}{subsection.4.21.2}
\BOOKMARK [3][-]{subsubsection.4.21.2.3}{\376\377\000X\000m\000l\000\137\000g\000e\000t\000a\000l\000l\000S\000p\000e\000c\000i\000e\000s\000F\000i\000n\000a\000l\000A\000m\000o\000u\000n\000t}{subsection.4.21.2}
\BOOKMARK [3][-]{subsubsection.4.21.2.4}{\376\377\000X\000m\000l\000\137\000g\000e\000t\000a\000l\000l\000S\000p\000e\000c\000i\000e\000s\000W\000e\000i\000g\000h\000t}{subsection.4.21.2}
\BOOKMARK [3][-]{subsubsection.4.21.2.5}{\376\377\000X\000m\000l\000\137\000g\000e\000t\000B\000a\000n\000n\000e\000d}{subsection.4.21.2}
\BOOKMARK [3][-]{subsubsection.4.21.2.6}{\376\377\000X\000m\000l\000\137\000g\000e\000t\000B\000o\000l\000t\000z\000m\000a\000n\000n}{subsection.4.21.2}
\BOOKMARK [3][-]{subsubsection.4.21.2.7}{\376\377\000X\000m\000l\000\137\000g\000e\000t\000C\000o\000u\000n\000t}{subsection.4.21.2}
\BOOKMARK [3][-]{subsubsection.4.21.2.8}{\376\377\000X\000m\000l\000\137\000g\000e\000t\000D\000o\000u\000b\000l\000e\000N\000u\000m\000b\000e\000r}{subsection.4.21.2}
\BOOKMARK [3][-]{subsubsection.4.21.2.9}{\376\377\000X\000m\000l\000\137\000g\000e\000t\000K\000i\000n\000e\000t\000i\000c\000L\000a\000w}{subsection.4.21.2}
\BOOKMARK [3][-]{subsubsection.4.21.2.10}{\376\377\000X\000m\000l\000\137\000g\000e\000t\000K\000i\000n\000e\000t\000i\000c\000L\000a\000w\000N\000o\000d\000e\000s}{subsection.4.21.2}
\BOOKMARK [3][-]{subsubsection.4.21.2.11}{\376\377\000X\000m\000l\000\137\000g\000e\000t\000M\000u\000T}{subsection.4.21.2}
\BOOKMARK [3][-]{subsubsection.4.21.2.12}{\376\377\000X\000m\000l\000\137\000g\000e\000t\000N\000b\000B\000a\000n\000n\000e\000d\000S\000p\000e\000c\000i\000e\000s}{subsection.4.21.2}
\BOOKMARK [3][-]{subsubsection.4.21.2.13}{\376\377\000X\000m\000l\000\137\000g\000e\000t\000N\000b\000C\000o\000u\000p\000l\000e\000s}{subsection.4.21.2}
\BOOKMARK [3][-]{subsubsection.4.21.2.14}{\376\377\000X\000m\000l\000\137\000g\000e\000t\000N\000b\000E\000q\000u\000a\000t\000i\000o\000n\000s}{subsection.4.21.2}
\BOOKMARK [3][-]{subsubsection.4.21.2.15}{\376\377\000X\000m\000l\000\137\000g\000e\000t\000N\000b\000G\000r\000o\000u\000p}{subsection.4.21.2}
\BOOKMARK [3][-]{subsubsection.4.21.2.16}{\376\377\000X\000m\000l\000\137\000g\000e\000t\000N\000b\000I\000t\000e\000r\000s}{subsection.4.21.2}
\BOOKMARK [3][-]{subsubsection.4.21.2.17}{\376\377\000X\000m\000l\000\137\000g\000e\000t\000N\000b\000P\000a\000r\000a\000m\000e\000t\000e\000r\000s}{subsection.4.21.2}
\BOOKMARK [3][-]{subsubsection.4.21.2.18}{\376\377\000X\000m\000l\000\137\000g\000e\000t\000N\000b\000R\000e\000a\000c\000t\000i\000o\000n}{subsection.4.21.2}
\BOOKMARK [3][-]{subsubsection.4.21.2.19}{\376\377\000X\000m\000l\000\137\000g\000e\000t\000N\000b\000R\000e\000a\000c\000t\000i\000o\000n\000i\000n\000N\000o\000e\000u\000d}{subsection.4.21.2}
\BOOKMARK [3][-]{subsubsection.4.21.2.20}{\376\377\000X\000m\000l\000\137\000g\000e\000t\000N\000b\000S\000i\000m\000u\000l\000a\000t\000i\000o\000n\000s}{subsection.4.21.2}
\BOOKMARK [3][-]{subsubsection.4.21.2.21}{\376\377\000X\000m\000l\000\137\000g\000e\000t\000N\000b\000S\000p\000e\000c\000i\000e\000s}{subsection.4.21.2}
\BOOKMARK [3][-]{subsubsection.4.21.2.22}{\376\377\000X\000m\000l\000\137\000g\000e\000t\000N\000b\000T\000r\000i\000e\000s\000M\000o\000d}{subsection.4.21.2}
\BOOKMARK [3][-]{subsubsection.4.21.2.23}{\376\377\000X\000m\000l\000\137\000g\000e\000t\000N\000b\000T\000r\000i\000e\000s\000S\000a}{subsection.4.21.2}
\BOOKMARK [3][-]{subsubsection.4.21.2.24}{\376\377\000X\000m\000l\000\137\000g\000e\000t\000N\000u\000m\000b\000e\000r}{subsection.4.21.2}
\BOOKMARK [3][-]{subsubsection.4.21.2.25}{\376\377\000X\000m\000l\000\137\000g\000e\000t\000R\000e\000a\000c\000t\000i\000o\000n\000s\000N\000a\000m\000e\000s}{subsection.4.21.2}
\BOOKMARK [3][-]{subsubsection.4.21.2.26}{\376\377\000X\000m\000l\000\137\000g\000e\000t\000R\000e\000a\000c\000t\000i\000o\000n\000s\000N\000a\000m\000e\000s\000i\000n\000N\000o\000e\000u\000d}{subsection.4.21.2}
\BOOKMARK [3][-]{subsubsection.4.21.2.27}{\376\377\000X\000m\000l\000\137\000g\000e\000t\000S\000p\000e\000c\000i\000e\000s\000F\000i\000n\000a\000l\000A\000m\000o\000u\000n\000t}{subsection.4.21.2}
\BOOKMARK [3][-]{subsubsection.4.21.2.28}{\376\377\000X\000m\000l\000\137\000g\000e\000t\000S\000p\000e\000c\000i\000e\000s\000W\000e\000i\000g\000h\000t}{subsection.4.21.2}
\BOOKMARK [3][-]{subsubsection.4.21.2.29}{\376\377\000X\000m\000l\000\137\000g\000e\000t\000S\000t\000e\000p\000S\000i\000z\000e}{subsection.4.21.2}
\BOOKMARK [3][-]{subsubsection.4.21.2.30}{\376\377\000X\000m\000l\000\137\000g\000e\000t\000S\000t\000r\000i\000n\000g}{subsection.4.21.2}
\BOOKMARK [3][-]{subsubsection.4.21.2.31}{\376\377\000X\000m\000l\000\137\000g\000e\000t\000T\000i\000n\000i\000t\000i\000a\000l}{subsection.4.21.2}
\BOOKMARK [3][-]{subsubsection.4.21.2.32}{\376\377\000X\000m\000l\000\137\000g\000e\000t\000T\000m\000i\000n}{subsection.4.21.2}
\BOOKMARK [3][-]{subsubsection.4.21.2.33}{\376\377\000X\000m\000l\000\137\000l\000o\000a\000d\000C\000o\000n\000f\000i\000g}{subsection.4.21.2}
